Using pre-set license
Built from '2020.3/release' branch; Version is '2020.3.1f1 (77a89f25062f) revision 7841951'; Using compiler version '192528614'; Build Type 'Release'
OS: 'Windows 10 Home; OS build 19045.4529; Version 2009; 64bit' Language: 'en' Physical Memory: 7549 MB
BatchMode: 1, IsHumanControllingUs: 0, StartBugReporterOnCrash: 0, Is64bit: 1, IsPro: 0

 COMMAND LINE ARGUMENTS:
C:\Program Files\Unity\Hub\Editor\2020.3.1f1\Editor\Unity.exe
-adb2
-batchMode
-noUpm
-name
AssetImportWorker0
-projectPath
C:/Users/ranja/Desktop/Unity Projects/space
-logFile
Logs/AssetImportWorker0.log
-srvPort
52076
Successfully changed project path to: C:/Users/ranja/Desktop/Unity Projects/space
C:/Users/ranja/Desktop/Unity Projects/space
Using Asset Import Pipeline V2.
Refreshing native plugins compatible for Editor in 84.48 ms, found 4 plugins.
Preloading 0 native plugins for Editor in 0.00 ms.
Initialize engine version: 2020.3.1f1 (77a89f25062f)
[Subsystems] Discovering subsystems at path C:/Program Files/Unity/Hub/Editor/2020.3.1f1/Editor/Data/Resources/UnitySubsystems
[Subsystems] Discovering subsystems at path C:/Users/ranja/Desktop/Unity Projects/space/Assets
GfxDevice: creating device client; threaded=0
Direct3D:
    Version:  Direct3D 11.0 [level 11.1]
    Renderer: AMD Radeon(TM) Graphics (ID=0x1636)
    Vendor:   
    VRAM:     3774 MB
    Driver:   27.20.11044.4003
Initialize mono
Mono path[0] = 'C:/Program Files/Unity/Hub/Editor/2020.3.1f1/Editor/Data/Managed'
Mono path[1] = 'C:/Program Files/Unity/Hub/Editor/2020.3.1f1/Editor/Data/MonoBleedingEdge/lib/mono/unityjit'
Mono config path = 'C:/Program Files/Unity/Hub/Editor/2020.3.1f1/Editor/Data/MonoBleedingEdge/etc'
Using monoOptions --debugger-agent=transport=dt_socket,embedding=1,server=y,suspend=n,address=127.0.0.1:56752
Begin MonoManager ReloadAssembly
Registering precompiled unity dll's ...
Register platform support module: C:/Program Files/Unity/Hub/Editor/2020.3.1f1/Editor/Data/PlaybackEngines/WebGLSupport/UnityEditor.WebGL.Extensions.dll
Register platform support module: C:/Program Files/Unity/Hub/Editor/2020.3.1f1/Editor/Data/PlaybackEngines/WindowsStandaloneSupport/UnityEditor.WindowsStandalone.Extensions.dll
Registered in 0.003351 seconds.
Native extension for WindowsStandalone target not found
Native extension for WebGL target not found
Refreshing native plugins compatible for Editor in 85.99 ms, found 4 plugins.
Preloading 0 native plugins for Editor in 0.00 ms.
Invoked RoslynAnalysisRunner static constructor.
RoslynAnalysisRunner will not be running.
RoslynAnalysisRunner has terminated.
Mono: successfully reloaded assembly
- Completed reload, in  2.326 seconds
Platform modules already initialized, skipping
Registering precompiled user dll's ...
Registered in 0.002513 seconds.
Begin MonoManager ReloadAssembly
Native extension for WindowsStandalone target not found
Native extension for WebGL target not found
Refreshing native plugins compatible for Editor in 114.12 ms, found 4 plugins.
Preloading 0 native plugins for Editor in 0.00 ms.
Invoked RoslynAnalysisRunner static constructor.
RoslynAnalysisRunner will not be running.
RoslynAnalysisRunner has terminated.
Mono: successfully reloaded assembly
- Completed reload, in  1.900 seconds
Platform modules already initialized, skipping
========================================================================
Worker process is ready to serve import requests
Launched and connected shader compiler UnityShaderCompiler.exe after 0.10 seconds
Refreshing native plugins compatible for Editor in 0.93 ms, found 4 plugins.
Preloading 0 native plugins for Editor in 0.00 ms.
Unloading 2466 Unused Serialized files (Serialized files now loaded: 0)
System memory in use before: 110.2 MB.
System memory in use after: 110.3 MB.

Unloading 35 unused Assets to reduce memory usage. Loaded Objects now: 2907.
Total: 6.344400 ms (FindLiveObjects: 0.673400 ms CreateObjectMapping: 0.249700 ms MarkObjects: 5.097400 ms  DeleteObjects: 0.320100 ms)

========================================================================
Received Import Request.
  path: Assets/Graphics/Fredoka-Regular SDF.asset
  artifactKey: Guid(202174d35698d994e9221dfc905add55) Importer(815301076,1909f56bfc062723c751e8b465ee728b)
Start importing Assets/Graphics/Fredoka-Regular SDF.asset using Guid(202174d35698d994e9221dfc905add55) Importer(815301076,1909f56bfc062723c751e8b465ee728b)  -> (artifact id: 'f8ca36ed56a28f4940da43031053110f') in 0.390772 seconds
  Import took 0.399490 seconds .

========================================================================
Received Import Request.
  Time since last request: 18.060089 seconds.
  path: Assets/Graphics/Sprites/asteroid.png
  artifactKey: Guid(7d320c72a4305064a8893427e61f43a5) Importer(815301076,1909f56bfc062723c751e8b465ee728b)
Start importing Assets/Graphics/Sprites/asteroid.png using Guid(7d320c72a4305064a8893427e61f43a5) Importer(815301076,1909f56bfc062723c751e8b465ee728b)  -> (artifact id: '8d2b673dfd732e856e93e1b8dac5fb81') in 0.184609 seconds
  Import took 0.193167 seconds .

========================================================================
Received Import Request.
  Time since last request: 0.000480 seconds.
  path: Assets/Graphics/Sprites/mothership.png
  artifactKey: Guid(4780c7944659cc1459fd7fb1bbba6ef8) Importer(815301076,1909f56bfc062723c751e8b465ee728b)
Start importing Assets/Graphics/Sprites/mothership.png using Guid(4780c7944659cc1459fd7fb1bbba6ef8) Importer(815301076,1909f56bfc062723c751e8b465ee728b)  -> (artifact id: '12fdab2a9da66824ad59d7ba68d47a58') in 0.031875 seconds
  Import took 0.042024 seconds .

========================================================================
Received Import Request.
  Time since last request: 0.000399 seconds.
  path: Assets/Graphics/Sprites/ship.png
  artifactKey: Guid(dddf0d06e44e90e41a2354968497ce2d) Importer(815301076,1909f56bfc062723c751e8b465ee728b)
Start importing Assets/Graphics/Sprites/ship.png using Guid(dddf0d06e44e90e41a2354968497ce2d) Importer(815301076,1909f56bfc062723c751e8b465ee728b)  -> (artifact id: '49b5cdc9d13f8f0557d9b20cd71fdd26') in 0.031893 seconds
  Import took 0.039918 seconds .

========================================================================
Received Import Request.
  Time since last request: 13.694239 seconds.
  path: Assets/Graphics/Sprites/asteroid.png
  artifactKey: Guid(7d320c72a4305064a8893427e61f43a5) Importer(815301076,1909f56bfc062723c751e8b465ee728b)
Start importing Assets/Graphics/Sprites/asteroid.png using Guid(7d320c72a4305064a8893427e61f43a5) Importer(815301076,1909f56bfc062723c751e8b465ee728b)  -> (artifact id: '81f648b0d80d21243d2ad2ad71914842') in 0.031062 seconds
  Import took 0.040989 seconds .

========================================================================
Received Import Request.
  Time since last request: 0.004271 seconds.
  path: Assets/Graphics/Sprites/asteroid.png
  artifactKey: Guid(7d320c72a4305064a8893427e61f43a5) Importer(815301076,1909f56bfc062723c751e8b465ee728b)
Start importing Assets/Graphics/Sprites/asteroid.png using Guid(7d320c72a4305064a8893427e61f43a5) Importer(815301076,1909f56bfc062723c751e8b465ee728b)  -> (artifact id: '81f648b0d80d21243d2ad2ad71914842') in 0.038875 seconds
  Import took 0.049553 seconds .

========================================================================
Received Import Request.
  Time since last request: 0.000568 seconds.
  path: Assets/Graphics/Sprites/mothership.png
  artifactKey: Guid(4780c7944659cc1459fd7fb1bbba6ef8) Importer(815301076,1909f56bfc062723c751e8b465ee728b)
Start importing Assets/Graphics/Sprites/mothership.png using Guid(4780c7944659cc1459fd7fb1bbba6ef8) Importer(815301076,1909f56bfc062723c751e8b465ee728b)  -> (artifact id: 'a17995fdf46803d496af6fc85b5ba5d0') in 0.045049 seconds
  Import took 0.055829 seconds .

========================================================================
Received Import Request.
  Time since last request: 0.000492 seconds.
  path: Assets/Graphics/Sprites/ship.png
  artifactKey: Guid(dddf0d06e44e90e41a2354968497ce2d) Importer(815301076,1909f56bfc062723c751e8b465ee728b)
Start importing Assets/Graphics/Sprites/ship.png using Guid(dddf0d06e44e90e41a2354968497ce2d) Importer(815301076,1909f56bfc062723c751e8b465ee728b)  -> (artifact id: '5597e871001feb83321385959bb80b65') in 0.033092 seconds
  Import took 0.043925 seconds .

========================================================================
Received Import Request.
  Time since last request: 29.504923 seconds.
  path: Packages/com.unity.2d.animation/Editor/Assets/SkinningModule/Icons/Light/character_Mode@2x.png
  artifactKey: Guid(25096ce515c063c48a2bd6b108c95912) Importer(815301076,1909f56bfc062723c751e8b465ee728b)
Start importing Packages/com.unity.2d.animation/Editor/Assets/SkinningModule/Icons/Light/character_Mode@2x.png using Guid(25096ce515c063c48a2bd6b108c95912) Importer(815301076,1909f56bfc062723c751e8b465ee728b)  -> (artifact id: 'df4c0b5ada747aae51333938853a7486') in 0.082250 seconds
  Import took 0.092410 seconds .

========================================================================
Received Import Request.
  Time since last request: 0.682413 seconds.
  path: Packages/com.unity.2d.animation/Editor/Assets/SkinningModule/Icons/Selected/character_Mode.png
  artifactKey: Guid(e60718119cec31e4190849292fcde068) Importer(815301076,1909f56bfc062723c751e8b465ee728b)
Start importing Packages/com.unity.2d.animation/Editor/Assets/SkinningModule/Icons/Selected/character_Mode.png using Guid(e60718119cec31e4190849292fcde068) Importer(815301076,1909f56bfc062723c751e8b465ee728b)  -> (artifact id: '07b27a77cf5c39dc7338d540deaa2700') in 0.073101 seconds
  Import took 0.080389 seconds .

========================================================================
Received Import Request.
  Time since last request: 0.000367 seconds.
  path: Packages/com.unity.2d.animation/Editor/Assets/SkinningModule/Icons/Selected/Bone_Influence@4x.png
  artifactKey: Guid(daf2ab606d4db0d4f9ecf4c02137d2a8) Importer(815301076,1909f56bfc062723c751e8b465ee728b)
Start importing Packages/com.unity.2d.animation/Editor/Assets/SkinningModule/Icons/Selected/Bone_Influence@4x.png using Guid(daf2ab606d4db0d4f9ecf4c02137d2a8) Importer(815301076,1909f56bfc062723c751e8b465ee728b)  -> (artifact id: '9b7bb19bd830924d24aa872a171454da') in 0.044383 seconds
  Import took 0.052102 seconds .

========================================================================
Received Import Request.
  Time since last request: 0.000356 seconds.
  path: Packages/com.unity.2d.animation/Editor/Assets/SkinningModule/Icons/Selected/character_Mode@2x.png
  artifactKey: Guid(5d52b20f865aff242bfcb08c3b6f61a5) Importer(815301076,1909f56bfc062723c751e8b465ee728b)
Start importing Packages/com.unity.2d.animation/Editor/Assets/SkinningModule/Icons/Selected/character_Mode@2x.png using Guid(5d52b20f865aff242bfcb08c3b6f61a5) Importer(815301076,1909f56bfc062723c751e8b465ee728b)  -> (artifact id: '9077a8cdcc6070e4b9969f7d3d956b46') in 0.031800 seconds
  Import took 0.038248 seconds .

========================================================================
Received Import Request.
  Time since last request: 0.000414 seconds.
  path: Packages/com.unity.2d.animation/Editor/Assets/SkinningModule/Icons/Selected/Bone_Influence@3x.png
  artifactKey: Guid(68e5a78013e33f247822a837e55b0ab4) Importer(815301076,1909f56bfc062723c751e8b465ee728b)
Start importing Packages/com.unity.2d.animation/Editor/Assets/SkinningModule/Icons/Selected/Bone_Influence@3x.png using Guid(68e5a78013e33f247822a837e55b0ab4) Importer(815301076,1909f56bfc062723c751e8b465ee728b)  -> (artifact id: '31766e9ba68e1d86161f69fa90914d53') in 0.035434 seconds
  Import took 0.043144 seconds .

========================================================================
Received Import Request.
  Time since last request: 0.000372 seconds.
  path: Packages/com.unity.2d.animation/Editor/Assets/SkinningModule/Icons/Light/Bone_Influence@4x.png
  artifactKey: Guid(c7aa62ae78ffca0498c89e5f45f94c0e) Importer(815301076,1909f56bfc062723c751e8b465ee728b)
Start importing Packages/com.unity.2d.animation/Editor/Assets/SkinningModule/Icons/Light/Bone_Influence@4x.png using Guid(c7aa62ae78ffca0498c89e5f45f94c0e) Importer(815301076,1909f56bfc062723c751e8b465ee728b)  -> (artifact id: '071f0d837855d40baf008587a982f62a') in 0.031880 seconds
  Import took 0.040193 seconds .

========================================================================
Received Import Request.
  Time since last request: 0.000385 seconds.
  path: Packages/com.unity.2d.sprite/Editor/ObjectMenuCreation/DefaultAssets/Textures/Capsule.png
  artifactKey: Guid(34587324d412940a79d530020c957dc0) Importer(815301076,1909f56bfc062723c751e8b465ee728b)
Start importing Packages/com.unity.2d.sprite/Editor/ObjectMenuCreation/DefaultAssets/Textures/Capsule.png using Guid(34587324d412940a79d530020c957dc0) Importer(815301076,1909f56bfc062723c751e8b465ee728b)  -> (artifact id: 'afe255b911a1471158ef443c87a300ea') in 0.036049 seconds
  Import took 0.043231 seconds .

========================================================================
Received Import Request.
  Time since last request: 0.000340 seconds.
  path: Packages/com.unity.2d.sprite/Editor/ObjectMenuCreation/DefaultAssets/Textures/9-Sliced.png
  artifactKey: Guid(cc35afd292fc349128b36a291fb3a165) Importer(815301076,1909f56bfc062723c751e8b465ee728b)
Start importing Packages/com.unity.2d.sprite/Editor/ObjectMenuCreation/DefaultAssets/Textures/9-Sliced.png using Guid(cc35afd292fc349128b36a291fb3a165) Importer(815301076,1909f56bfc062723c751e8b465ee728b)  -> (artifact id: 'efb76c2632b6f749e44c32d4206146aa') in 0.036845 seconds
  Import took 0.043764 seconds .

========================================================================
Received Import Request.
  Time since last request: 0.000482 seconds.
  path: Packages/com.unity.2d.animation/Editor/Assets/SkinningModule/Icons/Light/character_Mode.png
  artifactKey: Guid(d4d64a6cd9624c34a815dd79fb2a20a4) Importer(815301076,1909f56bfc062723c751e8b465ee728b)
Start importing Packages/com.unity.2d.animation/Editor/Assets/SkinningModule/Icons/Light/character_Mode.png using Guid(d4d64a6cd9624c34a815dd79fb2a20a4) Importer(815301076,1909f56bfc062723c751e8b465ee728b)  -> (artifact id: '03ad11427d31caef27005e62089b1009') in 0.032708 seconds
  Import took 0.040365 seconds .

========================================================================
Received Import Request.
  Time since last request: 1.996715 seconds.
  path: Assets/Objects/Asteroid.prefab
  artifactKey: Guid(b5f6aba6238e804469a20fcb4653a3cc) Importer(815301076,1909f56bfc062723c751e8b465ee728b)
Start importing Assets/Objects/Asteroid.prefab using Guid(b5f6aba6238e804469a20fcb4653a3cc) Importer(815301076,1909f56bfc062723c751e8b465ee728b)  -> (artifact id: '4495e19b81cdc7853cef58922b8c10bf') in 0.050464 seconds
  Import took 0.058960 seconds .

========================================================================
Received Import Request.
  Time since last request: 51.218177 seconds.
  path: Assets/Graphics/Sprites/asteroid.png
  artifactKey: Guid(7d320c72a4305064a8893427e61f43a5) Importer(815301076,1909f56bfc062723c751e8b465ee728b)
Start importing Assets/Graphics/Sprites/asteroid.png using Guid(7d320c72a4305064a8893427e61f43a5) Importer(815301076,1909f56bfc062723c751e8b465ee728b)  -> (artifact id: '76063ecdd5ecffe868533fa1f3203397') in 0.038673 seconds
  Import took 0.049522 seconds .

========================================================================
Received Import Request.
  Time since last request: 0.006684 seconds.
  path: Assets/Graphics/Sprites/asteroid.png
  artifactKey: Guid(7d320c72a4305064a8893427e61f43a5) Importer(815301076,1909f56bfc062723c751e8b465ee728b)
Start importing Assets/Graphics/Sprites/asteroid.png using Guid(7d320c72a4305064a8893427e61f43a5) Importer(815301076,1909f56bfc062723c751e8b465ee728b)  -> (artifact id: '76063ecdd5ecffe868533fa1f3203397') in 0.033947 seconds
  Import took 0.045488 seconds .

========================================================================
Received Import Request.
  Time since last request: 0.000699 seconds.
  path: Assets/Graphics/Sprites/mothership.png
  artifactKey: Guid(4780c7944659cc1459fd7fb1bbba6ef8) Importer(815301076,1909f56bfc062723c751e8b465ee728b)
Start importing Assets/Graphics/Sprites/mothership.png using Guid(4780c7944659cc1459fd7fb1bbba6ef8) Importer(815301076,1909f56bfc062723c751e8b465ee728b)  -> (artifact id: '5553acfe3da88bbe4968f63267ebd948') in 0.036568 seconds
  Import took 0.045828 seconds .

========================================================================
Received Import Request.
  Time since last request: 0.000627 seconds.
  path: Assets/Graphics/Sprites/ship.png
  artifactKey: Guid(dddf0d06e44e90e41a2354968497ce2d) Importer(815301076,1909f56bfc062723c751e8b465ee728b)
Start importing Assets/Graphics/Sprites/ship.png using Guid(dddf0d06e44e90e41a2354968497ce2d) Importer(815301076,1909f56bfc062723c751e8b465ee728b)  -> (artifact id: '89a876e6b91ee9133ff7dfea668d3648') in 0.034192 seconds
  Import took 0.081498 seconds .

========================================================================
Received Import Request.
  Time since last request: 17.908967 seconds.
  path: Assets/Graphics/Sprites/mothership.png
  artifactKey: Guid(4780c7944659cc1459fd7fb1bbba6ef8) Importer(815301076,1909f56bfc062723c751e8b465ee728b)
Start importing Assets/Graphics/Sprites/mothership.png using Guid(4780c7944659cc1459fd7fb1bbba6ef8) Importer(815301076,1909f56bfc062723c751e8b465ee728b)  -> (artifact id: '7a3b61ebba5716f0b71ea385257d7dd8') in 0.031858 seconds
  Import took 0.042405 seconds .

========================================================================
Received Import Request.
  Time since last request: 0.017579 seconds.
  path: Assets/Graphics/Sprites/mothership.png
  artifactKey: Guid(4780c7944659cc1459fd7fb1bbba6ef8) Importer(815301076,1909f56bfc062723c751e8b465ee728b)
Start importing Assets/Graphics/Sprites/mothership.png using Guid(4780c7944659cc1459fd7fb1bbba6ef8) Importer(815301076,1909f56bfc062723c751e8b465ee728b)  -> (artifact id: '7a3b61ebba5716f0b71ea385257d7dd8') in 0.032573 seconds
  Import took 0.042823 seconds .

========================================================================
Received Import Request.
  Time since last request: 12.722240 seconds.
  path: Assets/Graphics/Sprites/mothership.png
  artifactKey: Guid(4780c7944659cc1459fd7fb1bbba6ef8) Importer(815301076,1909f56bfc062723c751e8b465ee728b)
Start importing Assets/Graphics/Sprites/mothership.png using Guid(4780c7944659cc1459fd7fb1bbba6ef8) Importer(815301076,1909f56bfc062723c751e8b465ee728b)  -> (artifact id: '087bbf06697157765b9b5e9322c60dd6') in 0.026742 seconds
  Import took 0.035540 seconds .

========================================================================
Received Import Request.
  Time since last request: 0.007811 seconds.
  path: Assets/Graphics/Sprites/mothership.png
  artifactKey: Guid(4780c7944659cc1459fd7fb1bbba6ef8) Importer(815301076,1909f56bfc062723c751e8b465ee728b)
Start importing Assets/Graphics/Sprites/mothership.png using Guid(4780c7944659cc1459fd7fb1bbba6ef8) Importer(815301076,1909f56bfc062723c751e8b465ee728b)  -> (artifact id: '087bbf06697157765b9b5e9322c60dd6') in 0.027022 seconds
  Import took 0.036222 seconds .

========================================================================
Received Prepare
Registering precompiled user dll's ...
Registered in 0.003996 seconds.
Begin MonoManager ReloadAssembly
Native extension for WindowsStandalone target not found
Native extension for WebGL target not found
Refreshing native plugins compatible for Editor in 1.06 ms, found 4 plugins.
Preloading 0 native plugins for Editor in 0.00 ms.
Invoked RoslynAnalysisRunner static constructor.
RoslynAnalysisRunner will not be running.
RoslynAnalysisRunner has terminated.
Mono: successfully reloaded assembly
- Completed reload, in  1.499 seconds
Platform modules already initialized, skipping
Refreshing native plugins compatible for Editor in 1.23 ms, found 4 plugins.
Preloading 0 native plugins for Editor in 0.00 ms.
Unloading 2440 Unused Serialized files (Serialized files now loaded: 0)
System memory in use before: 112.1 MB.
System memory in use after: 112.2 MB.

Unloading 21 unused Assets to reduce memory usage. Loaded Objects now: 2965.
Total: 5.765700 ms (FindLiveObjects: 0.565500 ms CreateObjectMapping: 0.231300 ms MarkObjects: 4.697500 ms  DeleteObjects: 0.268700 ms)

========================================================================
Received Prepare
Registering precompiled user dll's ...
Registered in 0.002466 seconds.
Begin MonoManager ReloadAssembly
Native extension for WindowsStandalone target not found
Native extension for WebGL target not found
Refreshing native plugins compatible for Editor in 0.90 ms, found 4 plugins.
Preloading 0 native plugins for Editor in 0.00 ms.
Invoked RoslynAnalysisRunner static constructor.
RoslynAnalysisRunner will not be running.
RoslynAnalysisRunner has terminated.
Mono: successfully reloaded assembly
- Completed reload, in  1.539 seconds
Platform modules already initialized, skipping
Refreshing native plugins compatible for Editor in 0.98 ms, found 4 plugins.
Preloading 0 native plugins for Editor in 0.00 ms.
Unloading 2440 Unused Serialized files (Serialized files now loaded: 0)
System memory in use before: 112.2 MB.
System memory in use after: 112.3 MB.

Unloading 21 unused Assets to reduce memory usage. Loaded Objects now: 2969.
Total: 4.850000 ms (FindLiveObjects: 0.831700 ms CreateObjectMapping: 0.331300 ms MarkObjects: 3.498900 ms  DeleteObjects: 0.184700 ms)

========================================================================
Received Prepare
Registering precompiled user dll's ...
Registered in 0.002507 seconds.
Begin MonoManager ReloadAssembly
Native extension for WindowsStandalone target not found
Native extension for WebGL target not found
Refreshing native plugins compatible for Editor in 1.17 ms, found 4 plugins.
Preloading 0 native plugins for Editor in 0.00 ms.
Invoked RoslynAnalysisRunner static constructor.
RoslynAnalysisRunner will not be running.
RoslynAnalysisRunner has terminated.
Mono: successfully reloaded assembly
- Completed reload, in  1.851 seconds
Platform modules already initialized, skipping
Refreshing native plugins compatible for Editor in 0.91 ms, found 4 plugins.
Preloading 0 native plugins for Editor in 0.00 ms.
Unloading 2440 Unused Serialized files (Serialized files now loaded: 0)
System memory in use before: 112.2 MB.
System memory in use after: 112.3 MB.

Unloading 21 unused Assets to reduce memory usage. Loaded Objects now: 2973.
Total: 5.735300 ms (FindLiveObjects: 0.842500 ms CreateObjectMapping: 0.310000 ms MarkObjects: 4.193800 ms  DeleteObjects: 0.385900 ms)

========================================================================
Received Import Request.
  Time since last request: 3100.653072 seconds.
  path: Assets/Audio/maintheme.wav
  artifactKey: Guid(ecf619c1618c57a4c87d9bfa48ffc788) Importer(815301076,1909f56bfc062723c751e8b465ee728b)
Start importing Assets/Audio/maintheme.wav using Guid(ecf619c1618c57a4c87d9bfa48ffc788) Importer(815301076,1909f56bfc062723c751e8b465ee728b)  -> (artifact id: 'ace74e2314de03e710f50efd02c9d263') in 0.107545 seconds
  Import took 0.116345 seconds .

========================================================================
Received Prepare
Registering precompiled user dll's ...
Registered in 0.004104 seconds.
Begin MonoManager ReloadAssembly
Native extension for WindowsStandalone target not found
Native extension for WebGL target not found
Refreshing native plugins compatible for Editor in 1.93 ms, found 4 plugins.
Preloading 0 native plugins for Editor in 0.00 ms.
Invoked RoslynAnalysisRunner static constructor.
RoslynAnalysisRunner will not be running.
RoslynAnalysisRunner has terminated.
Mono: successfully reloaded assembly
- Completed reload, in  1.611 seconds
Platform modules already initialized, skipping
Refreshing native plugins compatible for Editor in 0.97 ms, found 4 plugins.
Preloading 0 native plugins for Editor in 0.00 ms.
Unloading 2440 Unused Serialized files (Serialized files now loaded: 0)
System memory in use before: 112.3 MB.
System memory in use after: 112.4 MB.

Unloading 21 unused Assets to reduce memory usage. Loaded Objects now: 2980.
Total: 4.654700 ms (FindLiveObjects: 0.693100 ms CreateObjectMapping: 0.173900 ms MarkObjects: 3.586000 ms  DeleteObjects: 0.198500 ms)

========================================================================
Received Prepare
Registering precompiled user dll's ...
Registered in 0.004473 seconds.
Begin MonoManager ReloadAssembly
Native extension for WindowsStandalone target not found
Native extension for WebGL target not found
Refreshing native plugins compatible for Editor in 0.88 ms, found 4 plugins.
Preloading 0 native plugins for Editor in 0.00 ms.
Invoked RoslynAnalysisRunner static constructor.
RoslynAnalysisRunner will not be running.
RoslynAnalysisRunner has terminated.
Mono: successfully reloaded assembly
- Completed reload, in  1.761 seconds
Platform modules already initialized, skipping
Refreshing native plugins compatible for Editor in 0.84 ms, found 4 plugins.
Preloading 0 native plugins for Editor in 0.00 ms.
Unloading 2440 Unused Serialized files (Serialized files now loaded: 0)
System memory in use before: 112.2 MB.
System memory in use after: 112.3 MB.

Unloading 21 unused Assets to reduce memory usage. Loaded Objects now: 2984.
Total: 5.016600 ms (FindLiveObjects: 0.916600 ms CreateObjectMapping: 0.163900 ms MarkObjects: 3.716500 ms  DeleteObjects: 0.216500 ms)

========================================================================
Received Import Request.
  Time since last request: 3523.906793 seconds.
  path: Assets/Audio/tune.wav
  artifactKey: Guid(8f119279a1143af469c395c1f66ea395) Importer(815301076,1909f56bfc062723c751e8b465ee728b)
Start importing Assets/Audio/tune.wav using Guid(8f119279a1143af469c395c1f66ea395) Importer(815301076,1909f56bfc062723c751e8b465ee728b)  -> (artifact id: '4ee7e1f7872ab1c881b99fe12bdd599e') in 0.094154 seconds
  Import took 0.138908 seconds .

========================================================================
Received Import Request.
  Time since last request: 534.294673 seconds.
  path: Assets/Scripts/Music.cs
  artifactKey: Guid(ea3e381ebd32f204bb8e003bc1ccf158) Importer(815301076,1909f56bfc062723c751e8b465ee728b)
Start importing Assets/Scripts/Music.cs using Guid(ea3e381ebd32f204bb8e003bc1ccf158) Importer(815301076,1909f56bfc062723c751e8b465ee728b)  -> (artifact id: 'f6705a64d87fa817ddf9d0a8190617dd') in 0.035684 seconds
  Import took 0.045798 seconds .

========================================================================
Received Import Request.
  Time since last request: 0.005566 seconds.
  path: Assets/Scripts/Music.cs
  artifactKey: Guid(ea3e381ebd32f204bb8e003bc1ccf158) Importer(815301076,1909f56bfc062723c751e8b465ee728b)
Start importing Assets/Scripts/Music.cs using Guid(ea3e381ebd32f204bb8e003bc1ccf158) Importer(815301076,1909f56bfc062723c751e8b465ee728b)  -> (artifact id: 'f6705a64d87fa817ddf9d0a8190617dd') in 0.004455 seconds
  Import took 0.011158 seconds .

========================================================================
Received Prepare
Registering precompiled user dll's ...
Registered in 0.002128 seconds.
Begin MonoManager ReloadAssembly
Native extension for WindowsStandalone target not found
Native extension for WebGL target not found
Refreshing native plugins compatible for Editor in 0.86 ms, found 4 plugins.
Preloading 0 native plugins for Editor in 0.00 ms.
Invoked RoslynAnalysisRunner static constructor.
RoslynAnalysisRunner will not be running.
RoslynAnalysisRunner has terminated.
Mono: successfully reloaded assembly
- Completed reload, in  1.063 seconds
Platform modules already initialized, skipping
Refreshing native plugins compatible for Editor in 0.98 ms, found 4 plugins.
Preloading 0 native plugins for Editor in 0.00 ms.
Unloading 2441 Unused Serialized files (Serialized files now loaded: 0)
System memory in use before: 112.3 MB.
System memory in use after: 112.4 MB.

Unloading 21 unused Assets to reduce memory usage. Loaded Objects now: 2990.
Total: 3.611100 ms (FindLiveObjects: 0.474700 ms CreateObjectMapping: 0.083100 ms MarkObjects: 2.886900 ms  DeleteObjects: 0.164200 ms)

========================================================================
Received Prepare
Registering precompiled user dll's ...
Registered in 0.003195 seconds.
Begin MonoManager ReloadAssembly
Native extension for WindowsStandalone target not found
Native extension for WebGL target not found
Refreshing native plugins compatible for Editor in 0.93 ms, found 4 plugins.
Preloading 0 native plugins for Editor in 0.00 ms.
Invoked RoslynAnalysisRunner static constructor.
RoslynAnalysisRunner will not be running.
RoslynAnalysisRunner has terminated.
Mono: successfully reloaded assembly
- Completed reload, in  1.534 seconds
Platform modules already initialized, skipping
Refreshing native plugins compatible for Editor in 0.86 ms, found 4 plugins.
Preloading 0 native plugins for Editor in 0.00 ms.
Unloading 2441 Unused Serialized files (Serialized files now loaded: 0)
System memory in use before: 112.3 MB.
System memory in use after: 112.4 MB.

Unloading 21 unused Assets to reduce memory usage. Loaded Objects now: 2994.
Total: 4.648200 ms (FindLiveObjects: 0.512900 ms CreateObjectMapping: 0.124800 ms MarkObjects: 3.738000 ms  DeleteObjects: 0.269800 ms)

========================================================================
Received Import Request.
  Time since last request: 435.001538 seconds.
  path: Assets/Scripts/Music.cs
  artifactKey: Guid(ea3e381ebd32f204bb8e003bc1ccf158) Importer(815301076,1909f56bfc062723c751e8b465ee728b)
Start importing Assets/Scripts/Music.cs using Guid(ea3e381ebd32f204bb8e003bc1ccf158) Importer(815301076,1909f56bfc062723c751e8b465ee728b)  -> (artifact id: '2a2ba54aee8ceffea48d795e4ab617ad') in 0.050585 seconds
  Import took 0.057452 seconds .

========================================================================
Received Prepare
Registering precompiled user dll's ...
Registered in 0.002617 seconds.
Begin MonoManager ReloadAssembly
Native extension for WindowsStandalone target not found
Native extension for WebGL target not found
Refreshing native plugins compatible for Editor in 0.91 ms, found 4 plugins.
Preloading 0 native plugins for Editor in 0.00 ms.
Invoked RoslynAnalysisRunner static constructor.
RoslynAnalysisRunner will not be running.
RoslynAnalysisRunner has terminated.
Mono: successfully reloaded assembly
- Completed reload, in  1.738 seconds
Platform modules already initialized, skipping
Refreshing native plugins compatible for Editor in 0.81 ms, found 4 plugins.
Preloading 0 native plugins for Editor in 0.00 ms.
Unloading 2441 Unused Serialized files (Serialized files now loaded: 0)
System memory in use before: 112.4 MB.
System memory in use after: 112.5 MB.

Unloading 21 unused Assets to reduce memory usage. Loaded Objects now: 2998.
Total: 4.889700 ms (FindLiveObjects: 0.878500 ms CreateObjectMapping: 0.140400 ms MarkObjects: 3.616800 ms  DeleteObjects: 0.250500 ms)

========================================================================
Received Import Request.
  Time since last request: 474.652498 seconds.
  path: Assets/Scripts/Menus/Timer.cs
  artifactKey: Guid(7952b4e36557feb40a2581220153f6ae) Importer(815301076,1909f56bfc062723c751e8b465ee728b)
Start importing Assets/Scripts/Menus/Timer.cs using Guid(7952b4e36557feb40a2581220153f6ae) Importer(815301076,1909f56bfc062723c751e8b465ee728b)  -> (artifact id: '139b5be425150dd8e9259efd4f3ed3d4') in 0.037649 seconds
  Import took 0.054183 seconds .

========================================================================
Received Prepare
Registering precompiled user dll's ...
Registered in 0.002502 seconds.
Begin MonoManager ReloadAssembly
Native extension for WindowsStandalone target not found
Native extension for WebGL target not found
Refreshing native plugins compatible for Editor in 0.83 ms, found 4 plugins.
Preloading 0 native plugins for Editor in 0.00 ms.
Invoked RoslynAnalysisRunner static constructor.
RoslynAnalysisRunner will not be running.
RoslynAnalysisRunner has terminated.
Mono: successfully reloaded assembly
- Completed reload, in  1.533 seconds
Platform modules already initialized, skipping
Refreshing native plugins compatible for Editor in 1.08 ms, found 4 plugins.
Preloading 0 native plugins for Editor in 0.00 ms.
Unloading 2442 Unused Serialized files (Serialized files now loaded: 0)
System memory in use before: 112.4 MB.
System memory in use after: 112.5 MB.

Unloading 21 unused Assets to reduce memory usage. Loaded Objects now: 3003.
Total: 5.210700 ms (FindLiveObjects: 1.028200 ms CreateObjectMapping: 0.255500 ms MarkObjects: 3.732100 ms  DeleteObjects: 0.192100 ms)

========================================================================
Received Prepare
Registering precompiled user dll's ...
Registered in 0.002415 seconds.
Begin MonoManager ReloadAssembly
Native extension for WindowsStandalone target not found
Native extension for WebGL target not found
Refreshing native plugins compatible for Editor in 0.85 ms, found 4 plugins.
Preloading 0 native plugins for Editor in 0.00 ms.
Invoked RoslynAnalysisRunner static constructor.
RoslynAnalysisRunner will not be running.
RoslynAnalysisRunner has terminated.
Mono: successfully reloaded assembly
- Completed reload, in  1.797 seconds
Platform modules already initialized, skipping
Refreshing native plugins compatible for Editor in 1.15 ms, found 4 plugins.
Preloading 0 native plugins for Editor in 0.00 ms.
Unloading 2441 Unused Serialized files (Serialized files now loaded: 0)
System memory in use before: 112.3 MB.
System memory in use after: 112.4 MB.

Unloading 22 unused Assets to reduce memory usage. Loaded Objects now: 3006.
Total: 3.909700 ms (FindLiveObjects: 0.614300 ms CreateObjectMapping: 0.126200 ms MarkObjects: 3.007800 ms  DeleteObjects: 0.158300 ms)

========================================================================
Received Prepare
Registering precompiled user dll's ...
Registered in 0.047552 seconds.
Begin MonoManager ReloadAssembly
Native extension for WindowsStandalone target not found
Native extension for WebGL target not found
Refreshing native plugins compatible for Editor in 0.96 ms, found 4 plugins.
Preloading 0 native plugins for Editor in 0.00 ms.
Invoked RoslynAnalysisRunner static constructor.
RoslynAnalysisRunner will not be running.
RoslynAnalysisRunner has terminated.
Mono: successfully reloaded assembly
- Completed reload, in  1.978 seconds
Platform modules already initialized, skipping
Refreshing native plugins compatible for Editor in 1.31 ms, found 4 plugins.
Preloading 0 native plugins for Editor in 0.00 ms.
Unloading 2441 Unused Serialized files (Serialized files now loaded: 0)
System memory in use before: 112.4 MB.
System memory in use after: 112.5 MB.

Unloading 21 unused Assets to reduce memory usage. Loaded Objects now: 3010.
Total: 7.660700 ms (FindLiveObjects: 1.188700 ms CreateObjectMapping: 0.409100 ms MarkObjects: 5.217400 ms  DeleteObjects: 0.841100 ms)

========================================================================
Received Import Request.
  Time since last request: 1503.697255 seconds.
  path: Assets/Scripts/TimeKeeper.cs
  artifactKey: Guid(2f71524c9c2956c45babb1433bd12267) Importer(815301076,1909f56bfc062723c751e8b465ee728b)
Start importing Assets/Scripts/TimeKeeper.cs using Guid(2f71524c9c2956c45babb1433bd12267) Importer(815301076,1909f56bfc062723c751e8b465ee728b)  -> (artifact id: '8ba987dc8f91f781e6c0212cf2b44d8f') in 0.029014 seconds
  Import took 0.037972 seconds .

========================================================================
Received Prepare
Registering precompiled user dll's ...
Registered in 0.002739 seconds.
Begin MonoManager ReloadAssembly
Native extension for WindowsStandalone target not found
Native extension for WebGL target not found
Refreshing native plugins compatible for Editor in 1.02 ms, found 4 plugins.
Preloading 0 native plugins for Editor in 0.00 ms.
Invoked RoslynAnalysisRunner static constructor.
RoslynAnalysisRunner will not be running.
RoslynAnalysisRunner has terminated.
Mono: successfully reloaded assembly
- Completed reload, in  1.666 seconds
Platform modules already initialized, skipping
Refreshing native plugins compatible for Editor in 0.75 ms, found 4 plugins.
Preloading 0 native plugins for Editor in 0.00 ms.
Unloading 2441 Unused Serialized files (Serialized files now loaded: 0)
System memory in use before: 112.4 MB.
System memory in use after: 112.5 MB.

Unloading 21 unused Assets to reduce memory usage. Loaded Objects now: 3014.
Total: 6.528900 ms (FindLiveObjects: 0.900500 ms CreateObjectMapping: 0.329100 ms MarkObjects: 5.008600 ms  DeleteObjects: 0.286100 ms)

========================================================================
Received Import Request.
  Time since last request: 188.848121 seconds.
  path: Assets/Scripts/TimeKeeper.cs
  artifactKey: Guid(2f71524c9c2956c45babb1433bd12267) Importer(815301076,1909f56bfc062723c751e8b465ee728b)
Start importing Assets/Scripts/TimeKeeper.cs using Guid(2f71524c9c2956c45babb1433bd12267) Importer(815301076,1909f56bfc062723c751e8b465ee728b)  -> (artifact id: 'c355e44bac96be223601011ffd7f4cb4') in 0.013589 seconds
  Import took 0.022555 seconds .

========================================================================
Received Prepare
Registering precompiled user dll's ...
Registered in 0.002369 seconds.
Begin MonoManager ReloadAssembly
Native extension for WindowsStandalone target not found
Native extension for WebGL target not found
Refreshing native plugins compatible for Editor in 0.94 ms, found 4 plugins.
Preloading 0 native plugins for Editor in 0.00 ms.
Invoked RoslynAnalysisRunner static constructor.
RoslynAnalysisRunner will not be running.
RoslynAnalysisRunner has terminated.
Mono: successfully reloaded assembly
- Completed reload, in  1.664 seconds
Platform modules already initialized, skipping
Refreshing native plugins compatible for Editor in 0.85 ms, found 4 plugins.
Preloading 0 native plugins for Editor in 0.00 ms.
Unloading 2441 Unused Serialized files (Serialized files now loaded: 0)
System memory in use before: 112.4 MB.
System memory in use after: 112.5 MB.

Unloading 21 unused Assets to reduce memory usage. Loaded Objects now: 3018.
Total: 6.967100 ms (FindLiveObjects: 0.772600 ms CreateObjectMapping: 0.252000 ms MarkObjects: 5.587200 ms  DeleteObjects: 0.351700 ms)

========================================================================
Received Prepare
Registering precompiled user dll's ...
Registered in 0.002986 seconds.
Begin MonoManager ReloadAssembly
Native extension for WindowsStandalone target not found
Native extension for WebGL target not found
Refreshing native plugins compatible for Editor in 0.85 ms, found 4 plugins.
Preloading 0 native plugins for Editor in 0.00 ms.
Invoked RoslynAnalysisRunner static constructor.
RoslynAnalysisRunner will not be running.
RoslynAnalysisRunner has terminated.
Mono: successfully reloaded assembly
- Completed reload, in  1.905 seconds
Platform modules already initialized, skipping
Refreshing native plugins compatible for Editor in 0.83 ms, found 4 plugins.
Preloading 0 native plugins for Editor in 0.00 ms.
Unloading 2441 Unused Serialized files (Serialized files now loaded: 0)
System memory in use before: 112.4 MB.
System memory in use after: 112.5 MB.

Unloading 21 unused Assets to reduce memory usage. Loaded Objects now: 3022.
Total: 8.060000 ms (FindLiveObjects: 0.959600 ms CreateObjectMapping: 0.488400 ms MarkObjects: 6.287500 ms  DeleteObjects: 0.319800 ms)

========================================================================
Received Prepare
Registering precompiled user dll's ...
Registered in 0.004036 seconds.
Begin MonoManager ReloadAssembly
Native extension for WindowsStandalone target not found
Native extension for WebGL target not found
Refreshing native plugins compatible for Editor in 0.81 ms, found 4 plugins.
Preloading 0 native plugins for Editor in 0.00 ms.
Invoked RoslynAnalysisRunner static constructor.
RoslynAnalysisRunner will not be running.
RoslynAnalysisRunner has terminated.
Mono: successfully reloaded assembly
- Completed reload, in  1.648 seconds
Platform modules already initialized, skipping
Refreshing native plugins compatible for Editor in 1.09 ms, found 4 plugins.
Preloading 0 native plugins for Editor in 0.00 ms.
Unloading 2441 Unused Serialized files (Serialized files now loaded: 0)
System memory in use before: 112.3 MB.
System memory in use after: 112.4 MB.

Unloading 21 unused Assets to reduce memory usage. Loaded Objects now: 3026.
Total: 5.057800 ms (FindLiveObjects: 0.829000 ms CreateObjectMapping: 0.166400 ms MarkObjects: 3.863300 ms  DeleteObjects: 0.196700 ms)

========================================================================
Received Prepare
Registering precompiled user dll's ...
Registered in 0.002476 seconds.
Begin MonoManager ReloadAssembly
Native extension for WindowsStandalone target not found
Native extension for WebGL target not found
Refreshing native plugins compatible for Editor in 0.86 ms, found 4 plugins.
Preloading 0 native plugins for Editor in 0.00 ms.
Invoked RoslynAnalysisRunner static constructor.
RoslynAnalysisRunner will not be running.
RoslynAnalysisRunner has terminated.
Mono: successfully reloaded assembly
- Completed reload, in  1.565 seconds
Platform modules already initialized, skipping
Refreshing native plugins compatible for Editor in 0.82 ms, found 4 plugins.
Preloading 0 native plugins for Editor in 0.00 ms.
Unloading 2441 Unused Serialized files (Serialized files now loaded: 0)
System memory in use before: 112.4 MB.
System memory in use after: 112.5 MB.

Unloading 21 unused Assets to reduce memory usage. Loaded Objects now: 3030.
Total: 6.206100 ms (FindLiveObjects: 0.761800 ms CreateObjectMapping: 0.219600 ms MarkObjects: 4.930500 ms  DeleteObjects: 0.290900 ms)

========================================================================
Received Prepare
Registering precompiled user dll's ...
Registered in 0.003383 seconds.
Begin MonoManager ReloadAssembly
Native extension for WindowsStandalone target not found
Native extension for WebGL target not found
Refreshing native plugins compatible for Editor in 0.85 ms, found 4 plugins.
Preloading 0 native plugins for Editor in 0.00 ms.
Invoked RoslynAnalysisRunner static constructor.
RoslynAnalysisRunner will not be running.
RoslynAnalysisRunner has terminated.
Mono: successfully reloaded assembly
- Completed reload, in  1.440 seconds
Platform modules already initialized, skipping
Refreshing native plugins compatible for Editor in 0.87 ms, found 4 plugins.
Preloading 0 native plugins for Editor in 0.00 ms.
Unloading 2441 Unused Serialized files (Serialized files now loaded: 0)
System memory in use before: 112.5 MB.
System memory in use after: 112.5 MB.

Unloading 21 unused Assets to reduce memory usage. Loaded Objects now: 3034.
Total: 6.204900 ms (FindLiveObjects: 0.468200 ms CreateObjectMapping: 0.153600 ms MarkObjects: 5.301700 ms  DeleteObjects: 0.278700 ms)

========================================================================
Received Prepare
Registering precompiled user dll's ...
Registered in 0.001771 seconds.
Begin MonoManager ReloadAssembly
Native extension for WindowsStandalone target not found
Native extension for WebGL target not found
Refreshing native plugins compatible for Editor in 0.78 ms, found 4 plugins.
Preloading 0 native plugins for Editor in 0.00 ms.
Invoked RoslynAnalysisRunner static constructor.
RoslynAnalysisRunner will not be running.
RoslynAnalysisRunner has terminated.
Mono: successfully reloaded assembly
- Completed reload, in  1.366 seconds
Platform modules already initialized, skipping
Refreshing native plugins compatible for Editor in 0.72 ms, found 4 plugins.
Preloading 0 native plugins for Editor in 0.00 ms.
Unloading 2441 Unused Serialized files (Serialized files now loaded: 0)
System memory in use before: 112.5 MB.
System memory in use after: 112.6 MB.

Unloading 21 unused Assets to reduce memory usage. Loaded Objects now: 3038.
Total: 4.819700 ms (FindLiveObjects: 0.595800 ms CreateObjectMapping: 0.289400 ms MarkObjects: 3.713000 ms  DeleteObjects: 0.218200 ms)

========================================================================
Received Prepare
Registering precompiled user dll's ...
Registered in 0.002527 seconds.
Begin MonoManager ReloadAssembly
Native extension for WindowsStandalone target not found
Native extension for WebGL target not found
Refreshing native plugins compatible for Editor in 0.84 ms, found 4 plugins.
Preloading 0 native plugins for Editor in 0.00 ms.
Invoked RoslynAnalysisRunner static constructor.
RoslynAnalysisRunner will not be running.
RoslynAnalysisRunner has terminated.
Mono: successfully reloaded assembly
- Completed reload, in  1.760 seconds
Platform modules already initialized, skipping
Refreshing native plugins compatible for Editor in 0.87 ms, found 4 plugins.
Preloading 0 native plugins for Editor in 0.00 ms.
Unloading 2441 Unused Serialized files (Serialized files now loaded: 0)
System memory in use before: 112.5 MB.
System memory in use after: 112.6 MB.

Unloading 21 unused Assets to reduce memory usage. Loaded Objects now: 3042.
Total: 5.603500 ms (FindLiveObjects: 1.157600 ms CreateObjectMapping: 0.192800 ms MarkObjects: 4.049300 ms  DeleteObjects: 0.201600 ms)

========================================================================
Received Prepare
Registering precompiled user dll's ...
Registered in 0.001944 seconds.
Begin MonoManager ReloadAssembly
Native extension for WindowsStandalone target not found
Native extension for WebGL target not found
Refreshing native plugins compatible for Editor in 0.67 ms, found 4 plugins.
Preloading 0 native plugins for Editor in 0.00 ms.
Invoked RoslynAnalysisRunner static constructor.
RoslynAnalysisRunner will not be running.
RoslynAnalysisRunner has terminated.
Mono: successfully reloaded assembly
- Completed reload, in  1.167 seconds
Platform modules already initialized, skipping
Refreshing native plugins compatible for Editor in 0.66 ms, found 4 plugins.
Preloading 0 native plugins for Editor in 0.00 ms.
Unloading 2441 Unused Serialized files (Serialized files now loaded: 0)
System memory in use before: 112.4 MB.
System memory in use after: 112.5 MB.

Unloading 21 unused Assets to reduce memory usage. Loaded Objects now: 3046.
Total: 3.409800 ms (FindLiveObjects: 0.415800 ms CreateObjectMapping: 0.087600 ms MarkObjects: 2.659000 ms  DeleteObjects: 0.245100 ms)

========================================================================
Received Prepare
Registering precompiled user dll's ...
Registered in 0.001740 seconds.
Begin MonoManager ReloadAssembly
Native extension for WindowsStandalone target not found
Native extension for WebGL target not found
Refreshing native plugins compatible for Editor in 0.75 ms, found 4 plugins.
Preloading 0 native plugins for Editor in 0.00 ms.
Invoked RoslynAnalysisRunner static constructor.
RoslynAnalysisRunner will not be running.
RoslynAnalysisRunner has terminated.
Mono: successfully reloaded assembly
- Completed reload, in  1.152 seconds
Platform modules already initialized, skipping
Refreshing native plugins compatible for Editor in 0.67 ms, found 4 plugins.
Preloading 0 native plugins for Editor in 0.00 ms.
Unloading 2441 Unused Serialized files (Serialized files now loaded: 0)
System memory in use before: 112.5 MB.
System memory in use after: 112.6 MB.

Unloading 21 unused Assets to reduce memory usage. Loaded Objects now: 3050.
Total: 3.436600 ms (FindLiveObjects: 0.744600 ms CreateObjectMapping: 0.134300 ms MarkObjects: 2.399500 ms  DeleteObjects: 0.156200 ms)

AssetImportWorkerClient::OnTransportError - code=2 error=End of file
