Using pre-set license
Built from '2020.3/release' branch; Version is '2020.3.1f1 (77a89f25062f) revision 7841951'; Using compiler version '192528614'; Build Type 'Release'
OS: 'Windows 10 Home; OS build 19045.4529; Version 2009; 64bit' Language: 'en' Physical Memory: 7549 MB
BatchMode: 1, IsHumanControllingUs: 0, StartBugReporterOnCrash: 0, Is64bit: 1, IsPro: 0

 COMMAND LINE ARGUMENTS:
C:\Program Files\Unity\Hub\Editor\2020.3.1f1\Editor\Unity.exe
-adb2
-batchMode
-noUpm
-name
AssetImportWorker1
-projectPath
C:/Users/ranja/Desktop/Unity Projects/space
-logFile
Logs/AssetImportWorker1.log
-srvPort
52392
Successfully changed project path to: C:/Users/ranja/Desktop/Unity Projects/space
C:/Users/ranja/Desktop/Unity Projects/space
Using Asset Import Pipeline V2.
Refreshing native plugins compatible for Editor in 53.30 ms, found 4 plugins.
Preloading 0 native plugins for Editor in 0.00 ms.
Initialize engine version: 2020.3.1f1 (77a89f25062f)
[Subsystems] Discovering subsystems at path C:/Program Files/Unity/Hub/Editor/2020.3.1f1/Editor/Data/Resources/UnitySubsystems
[Subsystems] Discovering subsystems at path C:/Users/ranja/Desktop/Unity Projects/space/Assets
GfxDevice: creating device client; threaded=0
Direct3D:
    Version:  Direct3D 11.0 [level 11.1]
    Renderer: AMD Radeon(TM) Graphics (ID=0x1636)
    Vendor:   
    VRAM:     3774 MB
    Driver:   27.20.11044.4003
Initialize mono
Mono path[0] = 'C:/Program Files/Unity/Hub/Editor/2020.3.1f1/Editor/Data/Managed'
Mono path[1] = 'C:/Program Files/Unity/Hub/Editor/2020.3.1f1/Editor/Data/MonoBleedingEdge/lib/mono/unityjit'
Mono config path = 'C:/Program Files/Unity/Hub/Editor/2020.3.1f1/Editor/Data/MonoBleedingEdge/etc'
Using monoOptions --debugger-agent=transport=dt_socket,embedding=1,server=y,suspend=n,address=127.0.0.1:56348
Begin MonoManager ReloadAssembly
Registering precompiled unity dll's ...
Register platform support module: C:/Program Files/Unity/Hub/Editor/2020.3.1f1/Editor/Data/PlaybackEngines/WebGLSupport/UnityEditor.WebGL.Extensions.dll
Register platform support module: C:/Program Files/Unity/Hub/Editor/2020.3.1f1/Editor/Data/PlaybackEngines/WindowsStandaloneSupport/UnityEditor.WindowsStandalone.Extensions.dll
Registered in 0.002597 seconds.
Native extension for WindowsStandalone target not found
Native extension for WebGL target not found
Refreshing native plugins compatible for Editor in 55.68 ms, found 4 plugins.
Preloading 0 native plugins for Editor in 0.00 ms.
Invoked RoslynAnalysisRunner static constructor.
RoslynAnalysisRunner will not be running.
RoslynAnalysisRunner has terminated.
Mono: successfully reloaded assembly
- Completed reload, in  1.415 seconds
Platform modules already initialized, skipping
Registering precompiled user dll's ...
Registered in 0.002423 seconds.
Begin MonoManager ReloadAssembly
Native extension for WindowsStandalone target not found
Native extension for WebGL target not found
Refreshing native plugins compatible for Editor in 54.44 ms, found 4 plugins.
Preloading 0 native plugins for Editor in 0.00 ms.
Invoked RoslynAnalysisRunner static constructor.
RoslynAnalysisRunner will not be running.
RoslynAnalysisRunner has terminated.
Mono: successfully reloaded assembly
- Completed reload, in  6.706 seconds
Platform modules already initialized, skipping
========================================================================
Worker process is ready to serve import requests
Launched and connected shader compiler UnityShaderCompiler.exe after 0.11 seconds
Refreshing native plugins compatible for Editor in 0.92 ms, found 4 plugins.
Preloading 0 native plugins for Editor in 0.00 ms.
Unloading 2461 Unused Serialized files (Serialized files now loaded: 0)
System memory in use before: 109.9 MB.
System memory in use after: 110.0 MB.

Unloading 35 unused Assets to reduce memory usage. Loaded Objects now: 2900.
Total: 4.363900 ms (FindLiveObjects: 0.493800 ms CreateObjectMapping: 0.201000 ms MarkObjects: 3.496300 ms  DeleteObjects: 0.171100 ms)

========================================================================
Received Import Request.
  path: Assets/Audio/Jet.wav
  artifactKey: Guid(fb9bf63b461813444a7a34568001ba51) Importer(815301076,1909f56bfc062723c751e8b465ee728b)
Start importing Assets/Audio/Jet.wav using Guid(fb9bf63b461813444a7a34568001ba51) Importer(815301076,1909f56bfc062723c751e8b465ee728b)  -> (artifact id: '42f1fb15cba4f4445badf3bb0c54817e') in 0.138454 seconds
  Import took 0.144683 seconds .

========================================================================
Received Import Request.
  Time since last request: 0.000329 seconds.
  path: Assets/Audio/Pickup.wav
  artifactKey: Guid(10ee7f17d14fe1940b1b20c899bcf375) Importer(815301076,1909f56bfc062723c751e8b465ee728b)
Start importing Assets/Audio/Pickup.wav using Guid(10ee7f17d14fe1940b1b20c899bcf375) Importer(815301076,1909f56bfc062723c751e8b465ee728b)  -> (artifact id: 'd96f1ae7ea148743878fff60e09851e6') in 0.022173 seconds
  Import took 0.027285 seconds .

========================================================================
Received Import Request.
  Time since last request: 0.000373 seconds.
  path: Assets/Audio/Collision.wav
  artifactKey: Guid(fa1375774f365dd45827dfab0c394ce9) Importer(815301076,1909f56bfc062723c751e8b465ee728b)
Start importing Assets/Audio/Collision.wav using Guid(fa1375774f365dd45827dfab0c394ce9) Importer(815301076,1909f56bfc062723c751e8b465ee728b)  -> (artifact id: '3e568ba3d9538f629f47ae5121ca5e88') in 0.016290 seconds
  Import took 0.022542 seconds .

========================================================================
Received Import Request.
  Time since last request: 0.000261 seconds.
  path: Assets/Audio
  artifactKey: Guid(d9aa75198a1fc5543830136e608d49d3) Importer(815301076,1909f56bfc062723c751e8b465ee728b)
Start importing Assets/Audio using Guid(d9aa75198a1fc5543830136e608d49d3) Importer(815301076,1909f56bfc062723c751e8b465ee728b)  -> (artifact id: '73cc78a3146d72dfe94120c18b08d64c') in 0.013425 seconds
  Import took 0.018665 seconds .

========================================================================
Received Import Request.
  Time since last request: 4.183521 seconds.
  path: Assets/Scripts/Player/PlayerAudio.cs
  artifactKey: Guid(ecda062d4bac1354fa3b7b88644a0e2e) Importer(815301076,1909f56bfc062723c751e8b465ee728b)
Start importing Assets/Scripts/Player/PlayerAudio.cs using Guid(ecda062d4bac1354fa3b7b88644a0e2e) Importer(815301076,1909f56bfc062723c751e8b465ee728b)  -> (artifact id: '1d744b37565d7cefb2b1f990638df9c9') in 0.021198 seconds
  Import took 0.029397 seconds .

========================================================================
Received Import Request.
  Time since last request: 0.003107 seconds.
  path: Assets/Scripts/Player/PlayerAudio.cs
  artifactKey: Guid(ecda062d4bac1354fa3b7b88644a0e2e) Importer(815301076,1909f56bfc062723c751e8b465ee728b)
Start importing Assets/Scripts/Player/PlayerAudio.cs using Guid(ecda062d4bac1354fa3b7b88644a0e2e) Importer(815301076,1909f56bfc062723c751e8b465ee728b)  -> (artifact id: '1d744b37565d7cefb2b1f990638df9c9') in 0.005968 seconds
  Import took 0.014196 seconds .

========================================================================
Received Prepare
Registering precompiled user dll's ...
Registered in 0.002397 seconds.
Begin MonoManager ReloadAssembly
Native extension for WindowsStandalone target not found
Native extension for WebGL target not found
Refreshing native plugins compatible for Editor in 0.73 ms, found 4 plugins.
Preloading 0 native plugins for Editor in 0.00 ms.
Invoked RoslynAnalysisRunner static constructor.
RoslynAnalysisRunner will not be running.
RoslynAnalysisRunner has terminated.
Mono: successfully reloaded assembly
- Completed reload, in  1.264 seconds
Platform modules already initialized, skipping
Refreshing native plugins compatible for Editor in 0.62 ms, found 4 plugins.
Preloading 0 native plugins for Editor in 0.00 ms.
Unloading 2436 Unused Serialized files (Serialized files now loaded: 0)
System memory in use before: 111.6 MB.
System memory in use after: 111.7 MB.

Unloading 21 unused Assets to reduce memory usage. Loaded Objects now: 2914.
Total: 3.189700 ms (FindLiveObjects: 0.386900 ms CreateObjectMapping: 0.075600 ms MarkObjects: 2.556300 ms  DeleteObjects: 0.168700 ms)

========================================================================
Received Prepare
Registering precompiled user dll's ...
Registered in 0.002569 seconds.
Begin MonoManager ReloadAssembly
Native extension for WindowsStandalone target not found
Native extension for WebGL target not found
Refreshing native plugins compatible for Editor in 0.71 ms, found 4 plugins.
Preloading 0 native plugins for Editor in 0.00 ms.
Invoked RoslynAnalysisRunner static constructor.
RoslynAnalysisRunner will not be running.
RoslynAnalysisRunner has terminated.
Mono: successfully reloaded assembly
- Completed reload, in  1.322 seconds
Platform modules already initialized, skipping
Refreshing native plugins compatible for Editor in 0.66 ms, found 4 plugins.
Preloading 0 native plugins for Editor in 0.00 ms.
Unloading 2435 Unused Serialized files (Serialized files now loaded: 0)
System memory in use before: 111.6 MB.
System memory in use after: 111.7 MB.

Unloading 22 unused Assets to reduce memory usage. Loaded Objects now: 2917.
Total: 4.544700 ms (FindLiveObjects: 0.521500 ms CreateObjectMapping: 0.103700 ms MarkObjects: 3.751600 ms  DeleteObjects: 0.166400 ms)

========================================================================
Received Prepare
Registering precompiled user dll's ...
Registered in 0.001739 seconds.
Begin MonoManager ReloadAssembly
Native extension for WindowsStandalone target not found
Native extension for WebGL target not found
Refreshing native plugins compatible for Editor in 0.68 ms, found 4 plugins.
Preloading 0 native plugins for Editor in 0.00 ms.
Invoked RoslynAnalysisRunner static constructor.
RoslynAnalysisRunner will not be running.
RoslynAnalysisRunner has terminated.
Mono: successfully reloaded assembly
- Completed reload, in  1.078 seconds
Platform modules already initialized, skipping
Refreshing native plugins compatible for Editor in 0.99 ms, found 4 plugins.
Preloading 0 native plugins for Editor in 0.00 ms.
Unloading 2435 Unused Serialized files (Serialized files now loaded: 0)
System memory in use before: 111.7 MB.
System memory in use after: 111.8 MB.

Unloading 21 unused Assets to reduce memory usage. Loaded Objects now: 2921.
Total: 4.414800 ms (FindLiveObjects: 0.634100 ms CreateObjectMapping: 0.097900 ms MarkObjects: 3.520400 ms  DeleteObjects: 0.159700 ms)

========================================================================
Received Import Request.
  Time since last request: 75.618068 seconds.
  path: Assets/Scripts/Player/PlayerData.cs
  artifactKey: Guid(901c8c2b504936542b2da76d3bc603c9) Importer(815301076,1909f56bfc062723c751e8b465ee728b)
Start importing Assets/Scripts/Player/PlayerData.cs using Guid(901c8c2b504936542b2da76d3bc603c9) Importer(815301076,1909f56bfc062723c751e8b465ee728b)  -> (artifact id: '1451e973e4795f623fcbee3b609eb824') in 0.015506 seconds
  Import took 0.021394 seconds .

========================================================================
Received Prepare
Registering precompiled user dll's ...
Registered in 0.002416 seconds.
Begin MonoManager ReloadAssembly
Native extension for WindowsStandalone target not found
Native extension for WebGL target not found
Refreshing native plugins compatible for Editor in 1.01 ms, found 4 plugins.
Preloading 0 native plugins for Editor in 0.00 ms.
Invoked RoslynAnalysisRunner static constructor.
RoslynAnalysisRunner will not be running.
RoslynAnalysisRunner has terminated.
Mono: successfully reloaded assembly
- Completed reload, in  1.729 seconds
Platform modules already initialized, skipping
Refreshing native plugins compatible for Editor in 0.69 ms, found 4 plugins.
Preloading 0 native plugins for Editor in 0.00 ms.
Unloading 2435 Unused Serialized files (Serialized files now loaded: 0)
System memory in use before: 111.7 MB.
System memory in use after: 111.8 MB.

Unloading 21 unused Assets to reduce memory usage. Loaded Objects now: 2925.
Total: 3.767300 ms (FindLiveObjects: 0.618900 ms CreateObjectMapping: 0.083900 ms MarkObjects: 2.890600 ms  DeleteObjects: 0.171600 ms)

========================================================================
Received Prepare
Registering precompiled user dll's ...
Registered in 0.002248 seconds.
Begin MonoManager ReloadAssembly
Native extension for WindowsStandalone target not found
Native extension for WebGL target not found
Refreshing native plugins compatible for Editor in 0.97 ms, found 4 plugins.
Preloading 0 native plugins for Editor in 0.00 ms.
Invoked RoslynAnalysisRunner static constructor.
RoslynAnalysisRunner will not be running.
RoslynAnalysisRunner has terminated.
Mono: successfully reloaded assembly
- Completed reload, in  1.169 seconds
Platform modules already initialized, skipping
Refreshing native plugins compatible for Editor in 1.54 ms, found 4 plugins.
Preloading 0 native plugins for Editor in 0.00 ms.
Unloading 2435 Unused Serialized files (Serialized files now loaded: 0)
System memory in use before: 111.6 MB.
System memory in use after: 111.7 MB.

Unloading 21 unused Assets to reduce memory usage. Loaded Objects now: 2929.
Total: 3.592700 ms (FindLiveObjects: 0.570300 ms CreateObjectMapping: 0.205900 ms MarkObjects: 2.649900 ms  DeleteObjects: 0.163700 ms)

========================================================================
Received Prepare
Registering precompiled user dll's ...
Registered in 0.002615 seconds.
Begin MonoManager ReloadAssembly
Native extension for WindowsStandalone target not found
Native extension for WebGL target not found
Refreshing native plugins compatible for Editor in 0.82 ms, found 4 plugins.
Preloading 0 native plugins for Editor in 0.00 ms.
Invoked RoslynAnalysisRunner static constructor.
RoslynAnalysisRunner will not be running.
RoslynAnalysisRunner has terminated.
Mono: successfully reloaded assembly
- Completed reload, in  1.583 seconds
Platform modules already initialized, skipping
Refreshing native plugins compatible for Editor in 0.71 ms, found 4 plugins.
Preloading 0 native plugins for Editor in 0.00 ms.
Unloading 2435 Unused Serialized files (Serialized files now loaded: 0)
System memory in use before: 111.7 MB.
System memory in use after: 111.8 MB.

Unloading 21 unused Assets to reduce memory usage. Loaded Objects now: 2933.
Total: 3.183000 ms (FindLiveObjects: 0.435300 ms CreateObjectMapping: 0.126300 ms MarkObjects: 2.458200 ms  DeleteObjects: 0.160200 ms)

========================================================================
Received Import Request.
  Time since last request: 383.191901 seconds.
  path: Assets/Audio/Jet2.wav
  artifactKey: Guid(345745e5139266046845e094a5a99b47) Importer(815301076,1909f56bfc062723c751e8b465ee728b)
Start importing Assets/Audio/Jet2.wav using Guid(345745e5139266046845e094a5a99b47) Importer(815301076,1909f56bfc062723c751e8b465ee728b)  -> (artifact id: 'cd8fac98d5d8cf856b3e2816302e7e10') in 0.152091 seconds
  Import took 0.163611 seconds .

========================================================================
Received Prepare
Registering precompiled user dll's ...
Registered in 0.003551 seconds.
Begin MonoManager ReloadAssembly
Native extension for WindowsStandalone target not found
Native extension for WebGL target not found
Refreshing native plugins compatible for Editor in 1.02 ms, found 4 plugins.
Preloading 0 native plugins for Editor in 0.00 ms.
Invoked RoslynAnalysisRunner static constructor.
RoslynAnalysisRunner will not be running.
RoslynAnalysisRunner has terminated.
Mono: successfully reloaded assembly
- Completed reload, in  1.785 seconds
Platform modules already initialized, skipping
Refreshing native plugins compatible for Editor in 0.98 ms, found 4 plugins.
Preloading 0 native plugins for Editor in 0.00 ms.
Unloading 2435 Unused Serialized files (Serialized files now loaded: 0)
System memory in use before: 111.7 MB.
System memory in use after: 111.8 MB.

Unloading 21 unused Assets to reduce memory usage. Loaded Objects now: 2938.
Total: 4.822900 ms (FindLiveObjects: 0.847400 ms CreateObjectMapping: 0.276200 ms MarkObjects: 3.490700 ms  DeleteObjects: 0.205800 ms)

========================================================================
Received Prepare
Registering precompiled user dll's ...
Registered in 0.002341 seconds.
Begin MonoManager ReloadAssembly
Native extension for WindowsStandalone target not found
Native extension for WebGL target not found
Refreshing native plugins compatible for Editor in 0.83 ms, found 4 plugins.
Preloading 0 native plugins for Editor in 0.00 ms.
Invoked RoslynAnalysisRunner static constructor.
RoslynAnalysisRunner will not be running.
RoslynAnalysisRunner has terminated.
Mono: successfully reloaded assembly
- Completed reload, in  1.768 seconds
Platform modules already initialized, skipping
Refreshing native plugins compatible for Editor in 0.72 ms, found 4 plugins.
Preloading 0 native plugins for Editor in 0.00 ms.
Unloading 2435 Unused Serialized files (Serialized files now loaded: 0)
System memory in use before: 111.7 MB.
System memory in use after: 111.8 MB.

Unloading 21 unused Assets to reduce memory usage. Loaded Objects now: 2942.
Total: 4.708900 ms (FindLiveObjects: 0.722900 ms CreateObjectMapping: 0.320400 ms MarkObjects: 3.449500 ms  DeleteObjects: 0.212600 ms)

========================================================================
Received Prepare
Registering precompiled user dll's ...
Registered in 0.002660 seconds.
Begin MonoManager ReloadAssembly
Native extension for WindowsStandalone target not found
Native extension for WebGL target not found
Refreshing native plugins compatible for Editor in 0.81 ms, found 4 plugins.
Preloading 0 native plugins for Editor in 0.00 ms.
Invoked RoslynAnalysisRunner static constructor.
RoslynAnalysisRunner will not be running.
RoslynAnalysisRunner has terminated.
Mono: successfully reloaded assembly
- Completed reload, in  1.693 seconds
Platform modules already initialized, skipping
Refreshing native plugins compatible for Editor in 0.82 ms, found 4 plugins.
Preloading 0 native plugins for Editor in 0.00 ms.
Unloading 2435 Unused Serialized files (Serialized files now loaded: 0)
System memory in use before: 111.7 MB.
System memory in use after: 111.8 MB.

Unloading 21 unused Assets to reduce memory usage. Loaded Objects now: 2946.
Total: 4.810300 ms (FindLiveObjects: 0.799200 ms CreateObjectMapping: 0.308100 ms MarkObjects: 3.468000 ms  DeleteObjects: 0.231800 ms)

========================================================================
Received Import Request.
  Time since last request: 471.323949 seconds.
  path: Assets/Audio/Jet3.wav
  artifactKey: Guid(9b2fd2770f78b304c8ae2d08686140e6) Importer(815301076,1909f56bfc062723c751e8b465ee728b)
Start importing Assets/Audio/Jet3.wav using Guid(9b2fd2770f78b304c8ae2d08686140e6) Importer(815301076,1909f56bfc062723c751e8b465ee728b)  -> (artifact id: '432236c9f87a78a23a498c920a83556f') in 0.031654 seconds
  Import took 0.037691 seconds .

========================================================================
Received Import Request.
  Time since last request: 0.026977 seconds.
  path: Assets/Audio/Jet3.wav
  artifactKey: Guid(9b2fd2770f78b304c8ae2d08686140e6) Importer(815301076,1909f56bfc062723c751e8b465ee728b)
Start importing Assets/Audio/Jet3.wav using Guid(9b2fd2770f78b304c8ae2d08686140e6) Importer(815301076,1909f56bfc062723c751e8b465ee728b)  -> (artifact id: '432236c9f87a78a23a498c920a83556f') in 0.006470 seconds
  Import took 0.013130 seconds .

========================================================================
Received Import Request.
  Time since last request: 28.896523 seconds.
  path: Assets/Audio/airLetoff.wav
  artifactKey: Guid(6c73c49c502928347ac6450d50486229) Importer(815301076,1909f56bfc062723c751e8b465ee728b)
Start importing Assets/Audio/airLetoff.wav using Guid(6c73c49c502928347ac6450d50486229) Importer(815301076,1909f56bfc062723c751e8b465ee728b)  -> (artifact id: '757a22940bb46965f688120706a8b66d') in 0.111226 seconds
  Import took 0.119165 seconds .

========================================================================
Received Prepare
Registering precompiled user dll's ...
Registered in 0.002520 seconds.
Begin MonoManager ReloadAssembly
Native extension for WindowsStandalone target not found
Native extension for WebGL target not found
Refreshing native plugins compatible for Editor in 0.97 ms, found 4 plugins.
Preloading 0 native plugins for Editor in 0.00 ms.
Invoked RoslynAnalysisRunner static constructor.
RoslynAnalysisRunner will not be running.
RoslynAnalysisRunner has terminated.
Mono: successfully reloaded assembly
- Completed reload, in  1.571 seconds
Platform modules already initialized, skipping
Refreshing native plugins compatible for Editor in 0.76 ms, found 4 plugins.
Preloading 0 native plugins for Editor in 0.00 ms.
Unloading 2435 Unused Serialized files (Serialized files now loaded: 0)
System memory in use before: 111.7 MB.
System memory in use after: 111.8 MB.

Unloading 21 unused Assets to reduce memory usage. Loaded Objects now: 2951.
Total: 3.998100 ms (FindLiveObjects: 0.633700 ms CreateObjectMapping: 0.194900 ms MarkObjects: 2.873300 ms  DeleteObjects: 0.293500 ms)

========================================================================
Received Prepare
Registering precompiled user dll's ...
Registered in 0.002544 seconds.
Begin MonoManager ReloadAssembly
Native extension for WindowsStandalone target not found
Native extension for WebGL target not found
Refreshing native plugins compatible for Editor in 1.60 ms, found 4 plugins.
Preloading 0 native plugins for Editor in 0.00 ms.
Invoked RoslynAnalysisRunner static constructor.
RoslynAnalysisRunner will not be running.
RoslynAnalysisRunner has terminated.
Mono: successfully reloaded assembly
- Completed reload, in  1.770 seconds
Platform modules already initialized, skipping
Refreshing native plugins compatible for Editor in 1.61 ms, found 4 plugins.
Preloading 0 native plugins for Editor in 0.00 ms.
Unloading 2435 Unused Serialized files (Serialized files now loaded: 0)
System memory in use before: 111.8 MB.
System memory in use after: 111.9 MB.

Unloading 21 unused Assets to reduce memory usage. Loaded Objects now: 2955.
Total: 5.903900 ms (FindLiveObjects: 0.552400 ms CreateObjectMapping: 0.146200 ms MarkObjects: 4.944300 ms  DeleteObjects: 0.258100 ms)

========================================================================
Received Prepare
Registering precompiled user dll's ...
Registered in 0.002575 seconds.
Begin MonoManager ReloadAssembly
Native extension for WindowsStandalone target not found
Native extension for WebGL target not found
Refreshing native plugins compatible for Editor in 1.01 ms, found 4 plugins.
Preloading 0 native plugins for Editor in 0.00 ms.
Invoked RoslynAnalysisRunner static constructor.
RoslynAnalysisRunner will not be running.
RoslynAnalysisRunner has terminated.
Mono: successfully reloaded assembly
- Completed reload, in  1.558 seconds
Platform modules already initialized, skipping
Refreshing native plugins compatible for Editor in 0.93 ms, found 4 plugins.
Preloading 0 native plugins for Editor in 0.00 ms.
Unloading 2435 Unused Serialized files (Serialized files now loaded: 0)
System memory in use before: 111.8 MB.
System memory in use after: 111.9 MB.

Unloading 21 unused Assets to reduce memory usage. Loaded Objects now: 2959.
Total: 4.797500 ms (FindLiveObjects: 0.795500 ms CreateObjectMapping: 0.271600 ms MarkObjects: 3.528400 ms  DeleteObjects: 0.199500 ms)

========================================================================
Received Prepare
Registering precompiled user dll's ...
Registered in 0.002884 seconds.
Begin MonoManager ReloadAssembly
Native extension for WindowsStandalone target not found
Native extension for WebGL target not found
Refreshing native plugins compatible for Editor in 0.76 ms, found 4 plugins.
Preloading 0 native plugins for Editor in 0.00 ms.
Invoked RoslynAnalysisRunner static constructor.
RoslynAnalysisRunner will not be running.
RoslynAnalysisRunner has terminated.
Mono: successfully reloaded assembly
- Completed reload, in  1.533 seconds
Platform modules already initialized, skipping
Refreshing native plugins compatible for Editor in 0.66 ms, found 4 plugins.
Preloading 0 native plugins for Editor in 0.00 ms.
Unloading 2435 Unused Serialized files (Serialized files now loaded: 0)
System memory in use before: 111.8 MB.
System memory in use after: 111.9 MB.

Unloading 21 unused Assets to reduce memory usage. Loaded Objects now: 2963.
Total: 5.766400 ms (FindLiveObjects: 0.938100 ms CreateObjectMapping: 0.321100 ms MarkObjects: 4.257800 ms  DeleteObjects: 0.245500 ms)

========================================================================
Received Import Request.
  Time since last request: 446.161438 seconds.
  path: Assets/Audio/pickup2.wav
  artifactKey: Guid(dd9aa2d8895aee648990ab7a09379a5a) Importer(815301076,1909f56bfc062723c751e8b465ee728b)
Start importing Assets/Audio/pickup2.wav using Guid(dd9aa2d8895aee648990ab7a09379a5a) Importer(815301076,1909f56bfc062723c751e8b465ee728b)  -> (artifact id: 'de639a78e4c442648f2f17c67c63adaf') in 0.166010 seconds
  Import took 0.177434 seconds .

========================================================================
Received Prepare
Registering precompiled user dll's ...
Registered in 0.004434 seconds.
Begin MonoManager ReloadAssembly
Native extension for WindowsStandalone target not found
Native extension for WebGL target not found
Refreshing native plugins compatible for Editor in 1.08 ms, found 4 plugins.
Preloading 0 native plugins for Editor in 0.00 ms.
Invoked RoslynAnalysisRunner static constructor.
RoslynAnalysisRunner will not be running.
RoslynAnalysisRunner has terminated.
Mono: successfully reloaded assembly
- Completed reload, in  1.448 seconds
Platform modules already initialized, skipping
Refreshing native plugins compatible for Editor in 0.69 ms, found 4 plugins.
Preloading 0 native plugins for Editor in 0.00 ms.
Unloading 2435 Unused Serialized files (Serialized files now loaded: 0)
System memory in use before: 111.8 MB.
System memory in use after: 111.9 MB.

Unloading 21 unused Assets to reduce memory usage. Loaded Objects now: 2968.
Total: 4.496100 ms (FindLiveObjects: 0.742100 ms CreateObjectMapping: 0.283300 ms MarkObjects: 3.312400 ms  DeleteObjects: 0.155900 ms)

========================================================================
Received Prepare
Registering precompiled user dll's ...
Registered in 0.003166 seconds.
Begin MonoManager ReloadAssembly
Native extension for WindowsStandalone target not found
Native extension for WebGL target not found
Refreshing native plugins compatible for Editor in 0.86 ms, found 4 plugins.
Preloading 0 native plugins for Editor in 0.00 ms.
Invoked RoslynAnalysisRunner static constructor.
RoslynAnalysisRunner will not be running.
RoslynAnalysisRunner has terminated.
Mono: successfully reloaded assembly
- Completed reload, in  1.719 seconds
Platform modules already initialized, skipping
Refreshing native plugins compatible for Editor in 0.89 ms, found 4 plugins.
Preloading 0 native plugins for Editor in 0.00 ms.
Unloading 2435 Unused Serialized files (Serialized files now loaded: 0)
System memory in use before: 111.8 MB.
System memory in use after: 111.8 MB.

Unloading 21 unused Assets to reduce memory usage. Loaded Objects now: 2972.
Total: 7.563100 ms (FindLiveObjects: 1.243600 ms CreateObjectMapping: 0.480600 ms MarkObjects: 5.624700 ms  DeleteObjects: 0.211000 ms)

========================================================================
Received Import Request.
  Time since last request: 814.977402 seconds.
  path: Assets/Scripts/mine.wav
  artifactKey: Guid(4cd2905518f01d448ba04c6fe7f3f630) Importer(815301076,1909f56bfc062723c751e8b465ee728b)
Start importing Assets/Scripts/mine.wav using Guid(4cd2905518f01d448ba04c6fe7f3f630) Importer(815301076,1909f56bfc062723c751e8b465ee728b)  -> (artifact id: '53b628abe1bb3e1f48259a3a4a2fa162') in 0.120631 seconds
  Import took 0.128748 seconds .

========================================================================
Received Prepare
Registering precompiled user dll's ...
Registered in 0.008679 seconds.
Begin MonoManager ReloadAssembly
Native extension for WindowsStandalone target not found
Native extension for WebGL target not found
Refreshing native plugins compatible for Editor in 0.94 ms, found 4 plugins.
Preloading 0 native plugins for Editor in 0.00 ms.
Invoked RoslynAnalysisRunner static constructor.
RoslynAnalysisRunner will not be running.
RoslynAnalysisRunner has terminated.
Mono: successfully reloaded assembly
- Completed reload, in  1.648 seconds
Platform modules already initialized, skipping
Refreshing native plugins compatible for Editor in 0.78 ms, found 4 plugins.
Preloading 0 native plugins for Editor in 0.00 ms.
Unloading 2435 Unused Serialized files (Serialized files now loaded: 0)
System memory in use before: 111.9 MB.
System memory in use after: 112.0 MB.

Unloading 21 unused Assets to reduce memory usage. Loaded Objects now: 2977.
Total: 4.505900 ms (FindLiveObjects: 0.360600 ms CreateObjectMapping: 0.107300 ms MarkObjects: 3.859100 ms  DeleteObjects: 0.176800 ms)

========================================================================
Received Prepare
Registering precompiled user dll's ...
Registered in 0.001683 seconds.
Begin MonoManager ReloadAssembly
Native extension for WindowsStandalone target not found
Native extension for WebGL target not found
Refreshing native plugins compatible for Editor in 0.99 ms, found 4 plugins.
Preloading 0 native plugins for Editor in 0.00 ms.
Invoked RoslynAnalysisRunner static constructor.
RoslynAnalysisRunner will not be running.
RoslynAnalysisRunner has terminated.
Mono: successfully reloaded assembly
- Completed reload, in  1.126 seconds
Platform modules already initialized, skipping
Refreshing native plugins compatible for Editor in 0.87 ms, found 4 plugins.
Preloading 0 native plugins for Editor in 0.00 ms.
Unloading 2435 Unused Serialized files (Serialized files now loaded: 0)
System memory in use before: 111.9 MB.
System memory in use after: 112.0 MB.

Unloading 21 unused Assets to reduce memory usage. Loaded Objects now: 2981.
Total: 4.593300 ms (FindLiveObjects: 0.707700 ms CreateObjectMapping: 0.219400 ms MarkObjects: 3.428400 ms  DeleteObjects: 0.236000 ms)

========================================================================
Received Import Request.
  Time since last request: 369.925484 seconds.
  path: Assets/Audio/airLetoffDown.wav
  artifactKey: Guid(b140a129e3d8e174d92e32459afc7f1c) Importer(815301076,1909f56bfc062723c751e8b465ee728b)
Start importing Assets/Audio/airLetoffDown.wav using Guid(b140a129e3d8e174d92e32459afc7f1c) Importer(815301076,1909f56bfc062723c751e8b465ee728b)  -> (artifact id: 'ed58bc1b5e053216e630133ecf6ea118') in 0.132015 seconds
  Import took 0.145467 seconds .

========================================================================
Received Import Request.
  Time since last request: 0.000535 seconds.
  path: Assets/Audio/airLetoffUp.wav
  artifactKey: Guid(fae6a195fd2419d42a952e4a2b56483b) Importer(815301076,1909f56bfc062723c751e8b465ee728b)
Start importing Assets/Audio/airLetoffUp.wav using Guid(fae6a195fd2419d42a952e4a2b56483b) Importer(815301076,1909f56bfc062723c751e8b465ee728b)  -> (artifact id: '1a3f1073246233fc734a172e86cdf782') in 0.036893 seconds
  Import took 0.046314 seconds .

========================================================================
Received Import Request.
  Time since last request: 0.000455 seconds.
  path: Assets/Audio/airLetoffUp1.wav
  artifactKey: Guid(4eb0370e1071cc243b42d77386fe1662) Importer(815301076,1909f56bfc062723c751e8b465ee728b)
Start importing Assets/Audio/airLetoffUp1.wav using Guid(4eb0370e1071cc243b42d77386fe1662) Importer(815301076,1909f56bfc062723c751e8b465ee728b)  -> (artifact id: '05d40accc3c389b6f1423eb1f19f5559') in 0.032130 seconds
  Import took 0.041474 seconds .

========================================================================
Received Import Request.
  Time since last request: 0.000518 seconds.
  path: Assets/Audio/airLetoffDown.wav
  artifactKey: Guid(b140a129e3d8e174d92e32459afc7f1c) Importer(815301076,1909f56bfc062723c751e8b465ee728b)
Start importing Assets/Audio/airLetoffDown.wav using Guid(b140a129e3d8e174d92e32459afc7f1c) Importer(815301076,1909f56bfc062723c751e8b465ee728b)  -> (artifact id: 'ed58bc1b5e053216e630133ecf6ea118') in 0.016761 seconds
  Import took 0.025341 seconds .

========================================================================
Received Prepare
Registering precompiled user dll's ...
Registered in 0.002491 seconds.
Begin MonoManager ReloadAssembly
Native extension for WindowsStandalone target not found
Native extension for WebGL target not found
Refreshing native plugins compatible for Editor in 0.65 ms, found 4 plugins.
Preloading 0 native plugins for Editor in 0.00 ms.
Invoked RoslynAnalysisRunner static constructor.
RoslynAnalysisRunner will not be running.
RoslynAnalysisRunner has terminated.
Mono: successfully reloaded assembly
- Completed reload, in  1.231 seconds
Platform modules already initialized, skipping
Refreshing native plugins compatible for Editor in 0.79 ms, found 4 plugins.
Preloading 0 native plugins for Editor in 0.00 ms.
Unloading 2435 Unused Serialized files (Serialized files now loaded: 0)
System memory in use before: 111.9 MB.
System memory in use after: 112.0 MB.

Unloading 21 unused Assets to reduce memory usage. Loaded Objects now: 2986.
Total: 4.123600 ms (FindLiveObjects: 1.033800 ms CreateObjectMapping: 0.242500 ms MarkObjects: 2.688100 ms  DeleteObjects: 0.157300 ms)

========================================================================
Received Prepare
Registering precompiled user dll's ...
Registered in 0.051057 seconds.
Begin MonoManager ReloadAssembly
Native extension for WindowsStandalone target not found
Native extension for WebGL target not found
Refreshing native plugins compatible for Editor in 0.82 ms, found 4 plugins.
Preloading 0 native plugins for Editor in 0.00 ms.
Invoked RoslynAnalysisRunner static constructor.
RoslynAnalysisRunner will not be running.
RoslynAnalysisRunner has terminated.
Mono: successfully reloaded assembly
- Completed reload, in  1.580 seconds
Platform modules already initialized, skipping
Refreshing native plugins compatible for Editor in 1.10 ms, found 4 plugins.
Preloading 0 native plugins for Editor in 0.00 ms.
Unloading 2435 Unused Serialized files (Serialized files now loaded: 0)
System memory in use before: 111.9 MB.
System memory in use after: 112.0 MB.

Unloading 21 unused Assets to reduce memory usage. Loaded Objects now: 2990.
Total: 6.075000 ms (FindLiveObjects: 0.627300 ms CreateObjectMapping: 0.299800 ms MarkObjects: 4.854000 ms  DeleteObjects: 0.290300 ms)

========================================================================
Received Prepare
Registering precompiled user dll's ...
Registered in 0.002461 seconds.
Begin MonoManager ReloadAssembly
Native extension for WindowsStandalone target not found
Native extension for WebGL target not found
Refreshing native plugins compatible for Editor in 0.84 ms, found 4 plugins.
Preloading 0 native plugins for Editor in 0.00 ms.
Invoked RoslynAnalysisRunner static constructor.
RoslynAnalysisRunner will not be running.
RoslynAnalysisRunner has terminated.
Mono: successfully reloaded assembly
- Completed reload, in  1.756 seconds
Platform modules already initialized, skipping
Refreshing native plugins compatible for Editor in 0.83 ms, found 4 plugins.
Preloading 0 native plugins for Editor in 0.00 ms.
Unloading 2435 Unused Serialized files (Serialized files now loaded: 0)
System memory in use before: 111.8 MB.
System memory in use after: 111.9 MB.

Unloading 21 unused Assets to reduce memory usage. Loaded Objects now: 2994.
Total: 4.944700 ms (FindLiveObjects: 1.190300 ms CreateObjectMapping: 0.307900 ms MarkObjects: 3.245300 ms  DeleteObjects: 0.196900 ms)

========================================================================
Received Prepare
Registering precompiled user dll's ...
Registered in 0.002758 seconds.
Begin MonoManager ReloadAssembly
Native extension for WindowsStandalone target not found
Native extension for WebGL target not found
Refreshing native plugins compatible for Editor in 0.91 ms, found 4 plugins.
Preloading 0 native plugins for Editor in 0.00 ms.
Invoked RoslynAnalysisRunner static constructor.
RoslynAnalysisRunner will not be running.
RoslynAnalysisRunner has terminated.
Mono: successfully reloaded assembly
- Completed reload, in  1.637 seconds
Platform modules already initialized, skipping
Refreshing native plugins compatible for Editor in 0.74 ms, found 4 plugins.
Preloading 0 native plugins for Editor in 0.00 ms.
Unloading 2435 Unused Serialized files (Serialized files now loaded: 0)
System memory in use before: 111.9 MB.
System memory in use after: 112.0 MB.

Unloading 21 unused Assets to reduce memory usage. Loaded Objects now: 2998.
Total: 6.821700 ms (FindLiveObjects: 0.744400 ms CreateObjectMapping: 0.275500 ms MarkObjects: 5.615500 ms  DeleteObjects: 0.182800 ms)

========================================================================
Received Prepare
Registering precompiled user dll's ...
Registered in 0.002736 seconds.
Begin MonoManager ReloadAssembly
Native extension for WindowsStandalone target not found
Native extension for WebGL target not found
Refreshing native plugins compatible for Editor in 1.17 ms, found 4 plugins.
Preloading 0 native plugins for Editor in 0.00 ms.
Invoked RoslynAnalysisRunner static constructor.
RoslynAnalysisRunner will not be running.
RoslynAnalysisRunner has terminated.
Mono: successfully reloaded assembly
- Completed reload, in  1.826 seconds
Platform modules already initialized, skipping
Refreshing native plugins compatible for Editor in 1.12 ms, found 4 plugins.
Preloading 0 native plugins for Editor in 0.00 ms.
Unloading 2435 Unused Serialized files (Serialized files now loaded: 0)
System memory in use before: 111.9 MB.
System memory in use after: 112.0 MB.

Unloading 21 unused Assets to reduce memory usage. Loaded Objects now: 3002.
Total: 4.025700 ms (FindLiveObjects: 0.440500 ms CreateObjectMapping: 0.152700 ms MarkObjects: 3.245700 ms  DeleteObjects: 0.184700 ms)

========================================================================
Received Prepare
Registering precompiled user dll's ...
Registered in 0.002455 seconds.
Begin MonoManager ReloadAssembly
Native extension for WindowsStandalone target not found
Native extension for WebGL target not found
Refreshing native plugins compatible for Editor in 0.82 ms, found 4 plugins.
Preloading 0 native plugins for Editor in 0.00 ms.
Invoked RoslynAnalysisRunner static constructor.
RoslynAnalysisRunner will not be running.
RoslynAnalysisRunner has terminated.
Mono: successfully reloaded assembly
- Completed reload, in  1.717 seconds
Platform modules already initialized, skipping
Refreshing native plugins compatible for Editor in 0.80 ms, found 4 plugins.
Preloading 0 native plugins for Editor in 0.00 ms.
Unloading 2435 Unused Serialized files (Serialized files now loaded: 0)
System memory in use before: 111.9 MB.
System memory in use after: 112.0 MB.

Unloading 21 unused Assets to reduce memory usage. Loaded Objects now: 3006.
Total: 5.026100 ms (FindLiveObjects: 0.535800 ms CreateObjectMapping: 0.118300 ms MarkObjects: 4.130700 ms  DeleteObjects: 0.239100 ms)

========================================================================
Received Prepare
Registering precompiled user dll's ...
Registered in 0.002963 seconds.
Begin MonoManager ReloadAssembly
Native extension for WindowsStandalone target not found
Native extension for WebGL target not found
Refreshing native plugins compatible for Editor in 0.80 ms, found 4 plugins.
Preloading 0 native plugins for Editor in 0.00 ms.
Invoked RoslynAnalysisRunner static constructor.
RoslynAnalysisRunner will not be running.
RoslynAnalysisRunner has terminated.
Mono: successfully reloaded assembly
- Completed reload, in  1.310 seconds
Platform modules already initialized, skipping
Refreshing native plugins compatible for Editor in 0.84 ms, found 4 plugins.
Preloading 0 native plugins for Editor in 0.00 ms.
Unloading 2435 Unused Serialized files (Serialized files now loaded: 0)
System memory in use before: 111.9 MB.
System memory in use after: 112.0 MB.

Unloading 21 unused Assets to reduce memory usage. Loaded Objects now: 3010.
Total: 3.628700 ms (FindLiveObjects: 0.587100 ms CreateObjectMapping: 0.091400 ms MarkObjects: 2.710700 ms  DeleteObjects: 0.236900 ms)

========================================================================
Received Prepare
Registering precompiled user dll's ...
Registered in 0.003550 seconds.
Begin MonoManager ReloadAssembly
Native extension for WindowsStandalone target not found
Native extension for WebGL target not found
Refreshing native plugins compatible for Editor in 0.84 ms, found 4 plugins.
Preloading 0 native plugins for Editor in 0.00 ms.
Invoked RoslynAnalysisRunner static constructor.
RoslynAnalysisRunner will not be running.
RoslynAnalysisRunner has terminated.
Mono: successfully reloaded assembly
- Completed reload, in  1.580 seconds
Platform modules already initialized, skipping
Refreshing native plugins compatible for Editor in 1.24 ms, found 4 plugins.
Preloading 0 native plugins for Editor in 0.00 ms.
Unloading 2435 Unused Serialized files (Serialized files now loaded: 0)
System memory in use before: 111.9 MB.
System memory in use after: 112.0 MB.

Unloading 21 unused Assets to reduce memory usage. Loaded Objects now: 3014.
Total: 5.032800 ms (FindLiveObjects: 0.705100 ms CreateObjectMapping: 0.118100 ms MarkObjects: 3.958400 ms  DeleteObjects: 0.247800 ms)

========================================================================
Received Import Request.
  Time since last request: 3180.117727 seconds.
  path: Assets/Scripts/AsteroidSpawner.cs
  artifactKey: Guid(efa5ef256a7d0114f9077b67ce6d4687) Importer(815301076,1909f56bfc062723c751e8b465ee728b)
Start importing Assets/Scripts/AsteroidSpawner.cs using Guid(efa5ef256a7d0114f9077b67ce6d4687) Importer(815301076,1909f56bfc062723c751e8b465ee728b)  -> (artifact id: 'a0b9c59aa1c01bfb570ea8d87eb73fd6') in 0.028133 seconds
  Import took 0.034762 seconds .

========================================================================
Received Prepare
Registering precompiled user dll's ...
Registered in 0.003850 seconds.
Begin MonoManager ReloadAssembly
Native extension for WindowsStandalone target not found
Native extension for WebGL target not found
Refreshing native plugins compatible for Editor in 0.87 ms, found 4 plugins.
Preloading 0 native plugins for Editor in 0.00 ms.
Invoked RoslynAnalysisRunner static constructor.
RoslynAnalysisRunner will not be running.
RoslynAnalysisRunner has terminated.
Mono: successfully reloaded assembly
- Completed reload, in  1.747 seconds
Platform modules already initialized, skipping
Refreshing native plugins compatible for Editor in 1.14 ms, found 4 plugins.
Preloading 0 native plugins for Editor in 0.00 ms.
Unloading 2436 Unused Serialized files (Serialized files now loaded: 0)
System memory in use before: 112.0 MB.
System memory in use after: 112.1 MB.

Unloading 21 unused Assets to reduce memory usage. Loaded Objects now: 3019.
Total: 6.286300 ms (FindLiveObjects: 0.780600 ms CreateObjectMapping: 0.201400 ms MarkObjects: 5.006200 ms  DeleteObjects: 0.294900 ms)

========================================================================
Received Prepare
Registering precompiled user dll's ...
Registered in 0.004599 seconds.
Begin MonoManager ReloadAssembly
Native extension for WindowsStandalone target not found
Native extension for WebGL target not found
Refreshing native plugins compatible for Editor in 0.91 ms, found 4 plugins.
Preloading 0 native plugins for Editor in 0.00 ms.
Invoked RoslynAnalysisRunner static constructor.
RoslynAnalysisRunner will not be running.
RoslynAnalysisRunner has terminated.
Mono: successfully reloaded assembly
- Completed reload, in  1.664 seconds
Platform modules already initialized, skipping
Refreshing native plugins compatible for Editor in 0.84 ms, found 4 plugins.
Preloading 0 native plugins for Editor in 0.00 ms.
Unloading 2436 Unused Serialized files (Serialized files now loaded: 0)
System memory in use before: 112.0 MB.
System memory in use after: 112.1 MB.

Unloading 21 unused Assets to reduce memory usage. Loaded Objects now: 3023.
Total: 5.492900 ms (FindLiveObjects: 0.886200 ms CreateObjectMapping: 0.377100 ms MarkObjects: 3.942300 ms  DeleteObjects: 0.283700 ms)

========================================================================
Received Import Request.
  Time since last request: 1750.051296 seconds.
  path: Assets/Scripts/AsteroidSpawner.cs
  artifactKey: Guid(efa5ef256a7d0114f9077b67ce6d4687) Importer(815301076,1909f56bfc062723c751e8b465ee728b)
Start importing Assets/Scripts/AsteroidSpawner.cs using Guid(efa5ef256a7d0114f9077b67ce6d4687) Importer(815301076,1909f56bfc062723c751e8b465ee728b)  -> (artifact id: '4c9d16dd51043ee156a13dc14a805d82') in 0.013063 seconds
  Import took 0.023034 seconds .

========================================================================
Received Import Request.
  Time since last request: 8.008537 seconds.
  path: Assets/Objects/Gold Asteroid.prefab
  artifactKey: Guid(c7cb93af6b4dbe7488b71368fc2ff272) Importer(815301076,1909f56bfc062723c751e8b465ee728b)
Start importing Assets/Objects/Gold Asteroid.prefab using Guid(c7cb93af6b4dbe7488b71368fc2ff272) Importer(815301076,1909f56bfc062723c751e8b465ee728b)  -> (artifact id: '11908d89de9b16b05f38f7601daad331') in 0.209354 seconds
  Import took 0.218036 seconds .

========================================================================
Received Import Request.
  Time since last request: 2.418007 seconds.
  path: Assets/Objects/Asteroid.prefab
  artifactKey: Guid(b5f6aba6238e804469a20fcb4653a3cc) Importer(815301076,1909f56bfc062723c751e8b465ee728b)
Start importing Assets/Objects/Asteroid.prefab using Guid(b5f6aba6238e804469a20fcb4653a3cc) Importer(815301076,1909f56bfc062723c751e8b465ee728b)  -> (artifact id: 'ab703da73d1816bf61f94ba60953be03') in 0.037860 seconds
  Import took 0.046947 seconds .

========================================================================
Received Prepare
Registering precompiled user dll's ...
Registered in 0.002933 seconds.
Begin MonoManager ReloadAssembly
Native extension for WindowsStandalone target not found
Native extension for WebGL target not found
Refreshing native plugins compatible for Editor in 0.93 ms, found 4 plugins.
Preloading 0 native plugins for Editor in 0.00 ms.
Invoked RoslynAnalysisRunner static constructor.
RoslynAnalysisRunner will not be running.
RoslynAnalysisRunner has terminated.
Mono: successfully reloaded assembly
- Completed reload, in  1.502 seconds
Platform modules already initialized, skipping
Refreshing native plugins compatible for Editor in 0.82 ms, found 4 plugins.
Preloading 0 native plugins for Editor in 0.00 ms.
Unloading 2436 Unused Serialized files (Serialized files now loaded: 0)
System memory in use before: 112.0 MB.
System memory in use after: 112.1 MB.

Unloading 21 unused Assets to reduce memory usage. Loaded Objects now: 3028.
Total: 5.376500 ms (FindLiveObjects: 0.683000 ms CreateObjectMapping: 0.235400 ms MarkObjects: 4.187100 ms  DeleteObjects: 0.268000 ms)

========================================================================
Received Prepare
Registering precompiled user dll's ...
Registered in 0.002418 seconds.
Begin MonoManager ReloadAssembly
Native extension for WindowsStandalone target not found
Native extension for WebGL target not found
Refreshing native plugins compatible for Editor in 0.82 ms, found 4 plugins.
Preloading 0 native plugins for Editor in 0.00 ms.
Invoked RoslynAnalysisRunner static constructor.
RoslynAnalysisRunner will not be running.
RoslynAnalysisRunner has terminated.
Mono: successfully reloaded assembly
- Completed reload, in  1.888 seconds
Platform modules already initialized, skipping
Refreshing native plugins compatible for Editor in 1.00 ms, found 4 plugins.
Preloading 0 native plugins for Editor in 0.00 ms.
Unloading 2436 Unused Serialized files (Serialized files now loaded: 0)
System memory in use before: 112.1 MB.
System memory in use after: 112.2 MB.

Unloading 21 unused Assets to reduce memory usage. Loaded Objects now: 3032.
Total: 4.517700 ms (FindLiveObjects: 0.460200 ms CreateObjectMapping: 0.118800 ms MarkObjects: 3.550700 ms  DeleteObjects: 0.385800 ms)

========================================================================
Received Prepare
Registering precompiled user dll's ...
Registered in 0.002451 seconds.
Begin MonoManager ReloadAssembly
Native extension for WindowsStandalone target not found
Native extension for WebGL target not found
Refreshing native plugins compatible for Editor in 1.02 ms, found 4 plugins.
Preloading 0 native plugins for Editor in 0.00 ms.
Invoked RoslynAnalysisRunner static constructor.
RoslynAnalysisRunner will not be running.
RoslynAnalysisRunner has terminated.
Mono: successfully reloaded assembly
- Completed reload, in  1.807 seconds
Platform modules already initialized, skipping
Refreshing native plugins compatible for Editor in 0.90 ms, found 4 plugins.
Preloading 0 native plugins for Editor in 0.00 ms.
Unloading 2436 Unused Serialized files (Serialized files now loaded: 0)
System memory in use before: 112.0 MB.
System memory in use after: 112.1 MB.

Unloading 21 unused Assets to reduce memory usage. Loaded Objects now: 3036.
Total: 4.626000 ms (FindLiveObjects: 0.647100 ms CreateObjectMapping: 0.121900 ms MarkObjects: 3.660800 ms  DeleteObjects: 0.193500 ms)

========================================================================
Received Prepare
Registering precompiled user dll's ...
Registered in 0.007264 seconds.
Begin MonoManager ReloadAssembly
Native extension for WindowsStandalone target not found
Native extension for WebGL target not found
Refreshing native plugins compatible for Editor in 0.85 ms, found 4 plugins.
Preloading 0 native plugins for Editor in 0.00 ms.
Invoked RoslynAnalysisRunner static constructor.
RoslynAnalysisRunner will not be running.
RoslynAnalysisRunner has terminated.
Mono: successfully reloaded assembly
- Completed reload, in  1.903 seconds
Platform modules already initialized, skipping
Refreshing native plugins compatible for Editor in 1.13 ms, found 4 plugins.
Preloading 0 native plugins for Editor in 0.00 ms.
Unloading 2436 Unused Serialized files (Serialized files now loaded: 0)
System memory in use before: 112.1 MB.
System memory in use after: 112.2 MB.

Unloading 21 unused Assets to reduce memory usage. Loaded Objects now: 3040.
Total: 6.934100 ms (FindLiveObjects: 0.899700 ms CreateObjectMapping: 0.231500 ms MarkObjects: 5.442200 ms  DeleteObjects: 0.357300 ms)

========================================================================
Received Prepare
Registering precompiled user dll's ...
Registered in 0.002416 seconds.
Begin MonoManager ReloadAssembly
Native extension for WindowsStandalone target not found
Native extension for WebGL target not found
Refreshing native plugins compatible for Editor in 1.23 ms, found 4 plugins.
Preloading 0 native plugins for Editor in 0.00 ms.
Invoked RoslynAnalysisRunner static constructor.
RoslynAnalysisRunner will not be running.
RoslynAnalysisRunner has terminated.
Mono: successfully reloaded assembly
- Completed reload, in  2.232 seconds
Platform modules already initialized, skipping
Refreshing native plugins compatible for Editor in 0.80 ms, found 4 plugins.
Preloading 0 native plugins for Editor in 0.00 ms.
Unloading 2436 Unused Serialized files (Serialized files now loaded: 0)
System memory in use before: 112.1 MB.
System memory in use after: 112.2 MB.

Unloading 21 unused Assets to reduce memory usage. Loaded Objects now: 3044.
Total: 4.514200 ms (FindLiveObjects: 0.569700 ms CreateObjectMapping: 0.122500 ms MarkObjects: 3.079900 ms  DeleteObjects: 0.739600 ms)

========================================================================
Received Prepare
Registering precompiled user dll's ...
Registered in 0.002660 seconds.
Begin MonoManager ReloadAssembly
Native extension for WindowsStandalone target not found
Native extension for WebGL target not found
Refreshing native plugins compatible for Editor in 1.00 ms, found 4 plugins.
Preloading 0 native plugins for Editor in 0.00 ms.
Invoked RoslynAnalysisRunner static constructor.
RoslynAnalysisRunner will not be running.
RoslynAnalysisRunner has terminated.
Mono: successfully reloaded assembly
- Completed reload, in  1.959 seconds
Platform modules already initialized, skipping
Refreshing native plugins compatible for Editor in 1.14 ms, found 4 plugins.
Preloading 0 native plugins for Editor in 0.00 ms.
Unloading 2436 Unused Serialized files (Serialized files now loaded: 0)
System memory in use before: 112.1 MB.
System memory in use after: 112.2 MB.

Unloading 21 unused Assets to reduce memory usage. Loaded Objects now: 3048.
Total: 41.680400 ms (FindLiveObjects: 0.645700 ms CreateObjectMapping: 0.504100 ms MarkObjects: 3.402500 ms  DeleteObjects: 37.125100 ms)

========================================================================
Received Prepare
Registering precompiled user dll's ...
Registered in 0.002605 seconds.
Begin MonoManager ReloadAssembly
Native extension for WindowsStandalone target not found
Native extension for WebGL target not found
Refreshing native plugins compatible for Editor in 0.83 ms, found 4 plugins.
Preloading 0 native plugins for Editor in 0.00 ms.
Invoked RoslynAnalysisRunner static constructor.
RoslynAnalysisRunner will not be running.
RoslynAnalysisRunner has terminated.
Mono: successfully reloaded assembly
- Completed reload, in  1.581 seconds
Platform modules already initialized, skipping
Refreshing native plugins compatible for Editor in 0.94 ms, found 4 plugins.
Preloading 0 native plugins for Editor in 0.00 ms.
Unloading 2436 Unused Serialized files (Serialized files now loaded: 0)
System memory in use before: 112.1 MB.
System memory in use after: 112.2 MB.

Unloading 21 unused Assets to reduce memory usage. Loaded Objects now: 3052.
Total: 5.052400 ms (FindLiveObjects: 0.552400 ms CreateObjectMapping: 0.219500 ms MarkObjects: 4.068000 ms  DeleteObjects: 0.210200 ms)

========================================================================
Received Prepare
Registering precompiled user dll's ...
Registered in 0.003676 seconds.
Begin MonoManager ReloadAssembly
Native extension for WindowsStandalone target not found
Native extension for WebGL target not found
Refreshing native plugins compatible for Editor in 0.83 ms, found 4 plugins.
Preloading 0 native plugins for Editor in 0.00 ms.
Invoked RoslynAnalysisRunner static constructor.
RoslynAnalysisRunner will not be running.
RoslynAnalysisRunner has terminated.
Mono: successfully reloaded assembly
- Completed reload, in  1.518 seconds
Platform modules already initialized, skipping
Refreshing native plugins compatible for Editor in 0.82 ms, found 4 plugins.
Preloading 0 native plugins for Editor in 0.00 ms.
Unloading 2436 Unused Serialized files (Serialized files now loaded: 0)
System memory in use before: 112.0 MB.
System memory in use after: 112.1 MB.

Unloading 21 unused Assets to reduce memory usage. Loaded Objects now: 3056.
Total: 6.219000 ms (FindLiveObjects: 1.153900 ms CreateObjectMapping: 0.266500 ms MarkObjects: 3.673300 ms  DeleteObjects: 1.121700 ms)

========================================================================
Received Prepare
Registering precompiled user dll's ...
Registered in 0.002462 seconds.
Begin MonoManager ReloadAssembly
Native extension for WindowsStandalone target not found
Native extension for WebGL target not found
Refreshing native plugins compatible for Editor in 0.84 ms, found 4 plugins.
Preloading 0 native plugins for Editor in 0.00 ms.
Invoked RoslynAnalysisRunner static constructor.
RoslynAnalysisRunner will not be running.
RoslynAnalysisRunner has terminated.
Mono: successfully reloaded assembly
- Completed reload, in  1.876 seconds
Platform modules already initialized, skipping
Refreshing native plugins compatible for Editor in 0.82 ms, found 4 plugins.
Preloading 0 native plugins for Editor in 0.00 ms.
Unloading 2436 Unused Serialized files (Serialized files now loaded: 0)
System memory in use before: 112.1 MB.
System memory in use after: 112.2 MB.

Unloading 21 unused Assets to reduce memory usage. Loaded Objects now: 3060.
Total: 5.050600 ms (FindLiveObjects: 0.628100 ms CreateObjectMapping: 0.136500 ms MarkObjects: 4.068100 ms  DeleteObjects: 0.215500 ms)

========================================================================
Received Prepare
Registering precompiled user dll's ...
Registered in 0.002360 seconds.
Begin MonoManager ReloadAssembly
Native extension for WindowsStandalone target not found
Native extension for WebGL target not found
Refreshing native plugins compatible for Editor in 0.99 ms, found 4 plugins.
Preloading 0 native plugins for Editor in 0.00 ms.
Invoked RoslynAnalysisRunner static constructor.
RoslynAnalysisRunner will not be running.
RoslynAnalysisRunner has terminated.
Mono: successfully reloaded assembly
- Completed reload, in  1.595 seconds
Platform modules already initialized, skipping
Refreshing native plugins compatible for Editor in 0.81 ms, found 4 plugins.
Preloading 0 native plugins for Editor in 0.00 ms.
Unloading 2436 Unused Serialized files (Serialized files now loaded: 0)
System memory in use before: 112.1 MB.
System memory in use after: 112.2 MB.

Unloading 21 unused Assets to reduce memory usage. Loaded Objects now: 3064.
Total: 4.784700 ms (FindLiveObjects: 0.568200 ms CreateObjectMapping: 0.179800 ms MarkObjects: 3.643500 ms  DeleteObjects: 0.389800 ms)

========================================================================
Received Prepare
Registering precompiled user dll's ...
Registered in 0.008382 seconds.
Begin MonoManager ReloadAssembly
Native extension for WindowsStandalone target not found
Native extension for WebGL target not found
Refreshing native plugins compatible for Editor in 1.12 ms, found 4 plugins.
Preloading 0 native plugins for Editor in 0.00 ms.
Invoked RoslynAnalysisRunner static constructor.
RoslynAnalysisRunner will not be running.
RoslynAnalysisRunner has terminated.
Mono: successfully reloaded assembly
- Completed reload, in  1.768 seconds
Platform modules already initialized, skipping
Refreshing native plugins compatible for Editor in 0.82 ms, found 4 plugins.
Preloading 0 native plugins for Editor in 0.00 ms.
Unloading 2436 Unused Serialized files (Serialized files now loaded: 0)
System memory in use before: 112.1 MB.
System memory in use after: 112.2 MB.

Unloading 21 unused Assets to reduce memory usage. Loaded Objects now: 3068.
Total: 7.364500 ms (FindLiveObjects: 0.640000 ms CreateObjectMapping: 0.234400 ms MarkObjects: 6.179700 ms  DeleteObjects: 0.307100 ms)

========================================================================
Received Prepare
Registering precompiled user dll's ...
Registered in 0.002572 seconds.
Begin MonoManager ReloadAssembly
Native extension for WindowsStandalone target not found
Native extension for WebGL target not found
Refreshing native plugins compatible for Editor in 0.84 ms, found 4 plugins.
Preloading 0 native plugins for Editor in 0.00 ms.
Invoked RoslynAnalysisRunner static constructor.
RoslynAnalysisRunner will not be running.
RoslynAnalysisRunner has terminated.
Mono: successfully reloaded assembly
- Completed reload, in  1.752 seconds
Platform modules already initialized, skipping
Refreshing native plugins compatible for Editor in 0.82 ms, found 4 plugins.
Preloading 0 native plugins for Editor in 0.00 ms.
Unloading 2436 Unused Serialized files (Serialized files now loaded: 0)
System memory in use before: 112.2 MB.
System memory in use after: 112.3 MB.

Unloading 21 unused Assets to reduce memory usage. Loaded Objects now: 3072.
Total: 41.844400 ms (FindLiveObjects: 0.628200 ms CreateObjectMapping: 0.219600 ms MarkObjects: 3.403400 ms  DeleteObjects: 37.590700 ms)

========================================================================
Received Prepare
Registering precompiled user dll's ...
Registered in 0.002411 seconds.
Begin MonoManager ReloadAssembly
Native extension for WindowsStandalone target not found
Native extension for WebGL target not found
Refreshing native plugins compatible for Editor in 0.81 ms, found 4 plugins.
Preloading 0 native plugins for Editor in 0.00 ms.
Invoked RoslynAnalysisRunner static constructor.
RoslynAnalysisRunner will not be running.
RoslynAnalysisRunner has terminated.
Mono: successfully reloaded assembly
- Completed reload, in  1.729 seconds
Platform modules already initialized, skipping
Refreshing native plugins compatible for Editor in 1.03 ms, found 4 plugins.
Preloading 0 native plugins for Editor in 0.00 ms.
Unloading 2436 Unused Serialized files (Serialized files now loaded: 0)
System memory in use before: 112.1 MB.
System memory in use after: 112.2 MB.

Unloading 21 unused Assets to reduce memory usage. Loaded Objects now: 3076.
Total: 4.764900 ms (FindLiveObjects: 0.910500 ms CreateObjectMapping: 0.278000 ms MarkObjects: 3.254500 ms  DeleteObjects: 0.319900 ms)

AssetImportWorkerClient::OnTransportError - code=2 error=End of file
